2026-01-02 15:46:02 | LINEA RAW [0]: 09,N,C,N,20260102,054159,N,C080129260
2026-01-02 15:46:02 | DESCARTADA FECHA: 09
2026-01-02 15:46:02 | LINEA RAW [1]: 09,N,C,N,20260102,054213,N,C052000002
2026-01-02 15:46:02 | DESCARTADA FECHA: 09
2026-01-02 15:46:02 | LINEA RAW [2]: 09,N,C,N,20260102,054227,N,C080159270
2026-01-02 15:46:02 | DESCARTADA FECHA: 09
2026-01-02 15:46:02 | LINEA RAW [3]: 09,N,C,N,20260102,054247,N,C080142056
2026-01-02 15:46:02 | DESCARTADA FECHA: 09
2026-01-02 15:46:02 | LINEA RAW [4]: 09,N,C,N,20260102,054249,N,C080142056
2026-01-02 15:46:02 | DESCARTADA FECHA: 09
2026-01-02 15:46:02 | LINEA RAW [5]: 09,N,C,N,20260102,054258,N,C080132947
2026-01-02 15:46:02 | DESCARTADA FECHA: 09
2026-01-02 15:46:02 | LINEA RAW [6]: 09,N,C,N,20260102,054304,N,C080133705
2026-01-02 15:46:02 | DESCARTADA FECHA: 09
2026-01-02 15:46:02 | LINEA RAW [7]: 09,N,C,N,20260102,054436,N,C080129982
2026-01-02 15:46:02 | DESCARTADA FECHA: 09
2026-01-02 15:46:02 | LINEA RAW [8]: 09,N,C,N,20260102,054534,N,C080163426
2026-01-02 15:46:02 | DESCARTADA FECHA: 09
2026-01-02 15:46:02 | LINEA RAW [9]: 09,N,C,N,20260102,054654,N,C080168670
2026-01-02 15:46:02 | DESCARTADA FECHA: 09
2026-01-02 15:46:02 | LINEA RAW [10]: 09,N,C,N,20260102,054658,N,C080168670
2026-01-02 15:46:02 | DESCARTADA FECHA: 09
2026-01-02 15:46:02 | LINEA RAW [11]: 09,N,C,N,20260102,054809,N,CC80076300
2026-01-02 15:46:02 | DESCARTADA FECHA: 09
2026-01-02 15:46:02 | LINEA RAW [12]: 09,N,C,N,20260102,054841,N,C080169321
2026-01-02 15:46:02 | DESCARTADA FECHA: 09
2026-01-02 15:46:02 | LINEA RAW [13]: 09,N,C,N,20260102,054842,N,C080169321
2026-01-02 15:46:02 | DESCARTADA FECHA: 09
2026-01-02 15:46:02 | LINEA RAW [14]: 09,N,C,N,20260102,054844,N,C080169321
2026-01-02 15:46:02 | DESCARTADA FECHA: 09
2026-01-02 15:46:02 | LINEA RAW [15]: 09,N,C,N,20260102,054845,N,C080169321
2026-01-02 15:46:02 | DESCARTADA FECHA: 09
2026-01-02 15:46:02 | LINEA RAW [16]: 09,N,C,N,20260102,055009,N,C080170199
2026-01-02 15:46:02 | DESCARTADA FECHA: 09
2026-01-02 15:46:02 | LINEA RAW [17]: 09,N,C,N,20260102,055039,N,C080138452
2026-01-02 15:46:02 | DESCARTADA FECHA: 09
2026-01-02 15:46:02 | LINEA RAW [18]: 09,N,C,N,20260102,055157,N,C080170187
2026-01-02 15:46:02 | DESCARTADA FECHA: 09
2026-01-02 15:46:02 | LINEA RAW [19]: 09,N,C,N,20260102,055210,N,C080143969
2026-01-02 15:46:02 | DESCARTADA FECHA: 09
2026-01-02 15:46:02 | LINEA RAW [20]: 09,N,C,N,20260102,055217,N,C080164511
2026-01-02 15:46:02 | DESCARTADA FECHA: 09
2026-01-02 15:46:02 | LINEA RAW [21]: 09,N,C,N,20260102,055220,N,C080145448
2026-01-02 15:46:02 | DESCARTADA FECHA: 09
2026-01-02 15:46:02 | LINEA RAW [22]: 09,N,C,N,20260102,055226,N,C080130710
2026-01-02 15:46:02 | DESCARTADA FECHA: 09
2026-01-02 15:46:02 | LINEA RAW [23]: 09,N,C,N,20260102,055231,N,C080163133
2026-01-02 15:46:02 | DESCARTADA FECHA: 09
2026-01-02 15:46:02 | LINEA RAW [24]: 09,N,C,N,20260102,055312,N,C080142074
2026-01-02 15:46:02 | DESCARTADA FECHA: 09
2026-01-02 15:46:02 | LINEA RAW [25]: 09,N,C,N,20260102,055314,N,C080142074
2026-01-02 15:46:02 | DESCARTADA FECHA: 09
2026-01-02 15:46:02 | LINEA RAW [26]: 09,N,C,N,20260102,055316,N,C080146826
2026-01-02 15:46:02 | DESCARTADA FECHA: 09
2026-01-02 15:46:02 | LINEA RAW [27]: 09,N,C,N,20260102,055317,N,C080146826
2026-01-02 15:46:02 | DESCARTADA FECHA: 09
2026-01-02 15:46:02 | LINEA RAW [28]: 09,N,C,N,20260102,055418,N,C080168978
2026-01-02 15:46:02 | DESCARTADA FECHA: 09
2026-01-02 15:46:02 | LINEA RAW [29]: 09,N,C,N,20260102,055422,N,C080163094
2026-01-02 15:46:02 | DESCARTADA FECHA: 09
2026-01-02 15:46:02 | LINEA RAW [30]: 09,N,C,N,20260102,055447,N,C080170197
2026-01-02 15:46:02 | DESCARTADA FECHA: 09
2026-01-02 15:46:02 | LINEA RAW [31]: 09,N,C,N,20260102,055556,N,C080164836
2026-01-02 15:46:02 | DESCARTADA FECHA: 09
2026-01-02 15:46:02 | LINEA RAW [32]: 09,N,C,N,20260102,055601,N,C067451848
2026-01-02 15:46:02 | DESCARTADA FECHA: 09
2026-01-02 15:46:02 | LINEA RAW [33]: 09,N,C,N,20260102,055626,N,C080130737
2026-01-02 15:46:02 | DESCARTADA FECHA: 09
2026-01-02 15:46:02 | LINEA RAW [34]: 09,N,C,N,20260102,055636,N,C080168679
2026-01-02 15:46:02 | DESCARTADA FECHA: 09
2026-01-02 15:46:02 | LINEA RAW [35]: 09,N,C,N,20260102,055641,N,C080148474
2026-01-02 15:46:02 | DESCARTADA FECHA: 09
2026-01-02 15:46:02 | LINEA RAW [36]: 09,N,C,N,20260102,055643,N,C080168683
2026-01-02 15:46:02 | DESCARTADA FECHA: 09
2026-01-02 15:46:02 | LINEA RAW [37]: 09,N,C,N,20260102,055654,N,C080146085
2026-01-02 15:46:02 | DESCARTADA FECHA: 09
2026-01-02 15:46:02 | LINEA RAW [38]: 09,N,C,N,20260102,055726,N,C080170176
2026-01-02 15:46:02 | DESCARTADA FECHA: 09
2026-01-02 15:46:02 | LINEA RAW [39]: 09,N,C,N,20260102,055743,N,C080133990
2026-01-02 15:46:02 | DESCARTADA FECHA: 09
2026-01-02 15:46:02 | LINEA RAW [40]: 09,N,C,N,20260102,055744,N,C080154917
2026-01-02 15:46:02 | DESCARTADA FECHA: 09
2026-01-02 15:46:02 | LINEA RAW [41]: 09,N,C,N,20260102,055812,N,C080162767
2026-01-02 15:46:02 | DESCARTADA FECHA: 09
2026-01-02 15:46:02 | LINEA RAW [42]: 09,N,C,N,20260102,055913,N,C080160771
2026-01-02 15:46:02 | DESCARTADA FECHA: 09
2026-01-02 15:46:02 | LINEA RAW [43]: 09,N,C,N,20260102,055928,N,C080128421
2026-01-02 15:46:02 | DESCARTADA FECHA: 09
2026-01-02 15:46:02 | LINEA RAW [44]: 09,N,C,N,20260102,055939,N,C080132794
2026-01-02 15:46:02 | DESCARTADA FECHA: 09
2026-01-02 15:46:02 | LINEA RAW [45]: 09,N,C,N,20260102,055949,N,C080128868
2026-01-02 15:46:02 | DESCARTADA FECHA: 09
2026-01-02 15:46:02 | LINEA RAW [46]: 09,N,C,N,20260102,060107,N,C263441314
2026-01-02 15:46:02 | DESCARTADA FECHA: 09
2026-01-02 15:46:02 | LINEA RAW [47]: 09,N,C,N,20260102,060947,N,C080161708
2026-01-02 15:46:02 | DESCARTADA FECHA: 09
2026-01-02 15:46:02 | LINEA RAW [48]: 09,N,C,N,20260102,060947,N,Cjalisco00
2026-01-02 15:46:02 | DESCARTADA FECHA: 09
2026-01-02 15:46:02 | LINEA RAW [49]: 09,N,C,N,20260102,060949,N,C080161708
2026-01-02 15:46:02 | DESCARTADA FECHA: 09
2026-01-02 15:46:02 | LINEA RAW [50]: 10,N,C,N,20251231,155503,N,C080166692
2026-01-02 15:46:02 | DESCARTADA FECHA: 10
2026-01-02 15:46:02 | LINEA RAW [51]: 10,N,C,N,20251231,160916,N,C080130257
2026-01-02 15:46:02 | DESCARTADA FECHA: 10
2026-01-02 15:46:02 | LINEA RAW [52]: 10,N,C,N,20251231,190435,N,C052000081
2026-01-02 15:46:02 | DESCARTADA FECHA: 10
2026-01-02 15:46:02 | LINEA RAW [53]: 10,N,C,N,20260101,065256,N,C052000082
2026-01-02 15:46:02 | DESCARTADA FECHA: 10
2026-01-02 15:46:02 | LINEA RAW [54]: 10,N,C,N,20260101,184813,N,C052000082
2026-01-02 15:46:02 | DESCARTADA FECHA: 10
2026-01-02 15:46:02 | LINEA RAW [55]: 10,N,C,N,20260102,053309,N,C052000005
2026-01-02 15:46:02 | DESCARTADA FECHA: 10
2026-01-02 15:46:02 | LINEA RAW [56]: 10,N,C,N,20260102,053312,N,C052000005
2026-01-02 15:46:02 | DESCARTADA FECHA: 10
2026-01-02 15:46:02 | LINEA RAW [57]: 10,N,C,N,20260102,053443,N,C080169726
2026-01-02 15:46:02 | DESCARTADA FECHA: 10
2026-01-02 15:46:02 | LINEA RAW [58]: 10,N,C,N,20260102,053444,N,C080169726
2026-01-02 15:46:02 | DESCARTADA FECHA: 10
2026-01-02 15:46:02 | LINEA RAW [59]: 10,N,C,N,20260102,053456,N,C080170179
2026-01-02 15:46:02 | DESCARTADA FECHA: 10
2026-01-02 15:46:02 | LINEA RAW [60]: 10,N,C,N,20260102,053458,N,C080170208
2026-01-02 15:46:02 | DESCARTADA FECHA: 10
2026-01-02 15:46:02 | LINEA RAW [61]: 10,N,C,N,20260102,053500,N,C080170195
2026-01-02 15:46:02 | DESCARTADA FECHA: 10
2026-01-02 15:46:02 | LINEA RAW [62]: 10,N,C,N,20260102,053501,N,C080170203
2026-01-02 15:46:02 | DESCARTADA FECHA: 10
2026-01-02 15:46:02 | LINEA RAW [63]: 10,N,C,N,20260102,053504,N,C063409890
2026-01-02 15:46:02 | DESCARTADA FECHA: 10
2026-01-02 15:46:02 | LINEA RAW [64]: 10,N,C,N,20260102,053506,N,C063409890
2026-01-02 15:46:02 | DESCARTADA FECHA: 10
2026-01-02 15:46:02 | LINEA RAW [65]: 10,N,C,N,20260102,054154,N,C080164459
2026-01-02 15:46:02 | DESCARTADA FECHA: 10
2026-01-02 15:46:02 | LINEA RAW [66]: 10,N,C,N,20260102,054309,N,C080133705
2026-01-02 15:46:02 | DESCARTADA FECHA: 10
2026-01-02 15:46:02 | LINEA RAW [67]: 10,N,C,N,20260102,054811,N,C080145107
2026-01-02 15:46:02 | DESCARTADA FECHA: 10
2026-01-02 15:46:02 | LINEA RAW [68]: 10,N,C,N,20260102,054812,N,C080145107
2026-01-02 15:46:02 | DESCARTADA FECHA: 10
2026-01-02 15:46:02 | LINEA RAW [69]: 10,N,C,N,20260102,055420,N,C080142881
2026-01-02 15:46:02 | DESCARTADA FECHA: 10
2026-01-02 15:46:02 | LINEA RAW [70]: 10,N,C,N,20260102,055856,N,C080132950
2026-01-02 15:46:02 | DESCARTADA FECHA: 10
2026-01-02 15:46:02 | LINEA RAW [71]: 01,N,C,N,20251231,155735,N,C080153733
2026-01-02 15:46:02 | DESCARTADA FECHA: 01
2026-01-02 15:46:02 | LINEA RAW [72]: 01,N,C,N,20251231,155736,N,C080153733
2026-01-02 15:46:02 | DESCARTADA FECHA: 01
2026-01-02 15:46:02 | LINEA RAW [73]: 01,N,C,N,20251231,155736,N,C080153733
2026-01-02 15:46:02 | DESCARTADA FECHA: 01
2026-01-02 15:46:02 | LINEA RAW [74]: 01,N,C,N,20251231,155736,N,C080153733
2026-01-02 15:46:02 | DESCARTADA FECHA: 01
2026-01-02 15:46:02 | LINEA RAW [75]: 01,N,C,N,20251231,155800,N,C080167878
2026-01-02 15:46:02 | DESCARTADA FECHA: 01
2026-01-02 15:46:02 | LINEA RAW [76]: 01,N,C,N,20251231,155800,N,C080167878
2026-01-02 15:46:02 | DESCARTADA FECHA: 01
2026-01-02 15:46:02 | LINEA RAW [77]: 01,N,C,N,20251231,155801,N,C080167878
2026-01-02 15:46:02 | DESCARTADA FECHA: 01
2026-01-02 15:46:02 | LINEA RAW [78]: 01,N,C,N,20251231,155801,N,C080167878
2026-01-02 15:46:02 | DESCARTADA FECHA: 01
2026-01-02 15:46:02 | LINEA RAW [79]: 01,N,C,N,20251231,155805,N,C080157924
2026-01-02 15:46:02 | DESCARTADA FECHA: 01
2026-01-02 15:46:02 | LINEA RAW [80]: 01,N,C,N,20251231,155805,N,C080157924
2026-01-02 15:46:02 | DESCARTADA FECHA: 01
2026-01-02 15:46:02 | LINEA RAW [81]: 01,N,C,N,20251231,155806,N,C080157924
2026-01-02 15:46:02 | DESCARTADA FECHA: 01
2026-01-02 15:46:02 | LINEA RAW [82]: 01,N,C,N,20251231,155806,N,C080157924
2026-01-02 15:46:02 | DESCARTADA FECHA: 01
2026-01-02 15:46:02 | LINEA RAW [83]: 01,N,C,N,20251231,155814,N,C080165985
2026-01-02 15:46:02 | DESCARTADA FECHA: 01
2026-01-02 15:46:02 | LINEA RAW [84]: 01,N,C,N,20251231,155815,N,C080165985
2026-01-02 15:46:02 | DESCARTADA FECHA: 01
2026-01-02 15:46:02 | LINEA RAW [85]: 01,N,C,N,20251231,155815,N,C080165985
2026-01-02 15:46:02 | DESCARTADA FECHA: 01
2026-01-02 15:46:02 | LINEA RAW [86]: 01,N,C,N,20251231,155815,N,C080165985
2026-01-02 15:46:02 | DESCARTADA FECHA: 01
2026-01-02 15:46:02 | LINEA RAW [87]: 01,N,C,N,20251231,155815,N,C080165985
2026-01-02 15:46:02 | DESCARTADA FECHA: 01
2026-01-02 15:46:02 | LINEA RAW [88]: 01,N,C,N,20251231,155821,N,C080165991
2026-01-02 15:46:02 | DESCARTADA FECHA: 01
2026-01-02 15:46:02 | LINEA RAW [89]: 01,N,C,N,20251231,155821,N,C080165991
2026-01-02 15:46:02 | DESCARTADA FECHA: 01
2026-01-02 15:46:02 | LINEA RAW [90]: 01,N,C,N,20251231,155821,N,C080165991
2026-01-02 15:46:02 | DESCARTADA FECHA: 01
2026-01-02 15:46:02 | LINEA RAW [91]: 01,N,C,N,20251231,155933,N,C080163390
2026-01-02 15:46:02 | DESCARTADA FECHA: 01
2026-01-02 15:46:02 | LINEA RAW [92]: 01,N,C,N,20251231,155933,N,C080163390
2026-01-02 15:46:02 | DESCARTADA FECHA: 01
2026-01-02 15:46:02 | LINEA RAW [93]: 01,N,C,N,20251231,155933,N,C080163390
2026-01-02 15:46:02 | DESCARTADA FECHA: 01
2026-01-02 15:46:02 | LINEA RAW [94]: 01,N,C,N,20251231,160806,N,C080168947
2026-01-02 15:46:02 | DESCARTADA FECHA: 01
2026-01-02 15:46:02 | LINEA RAW [95]: 01,N,C,N,20251231,160807,N,C080168947
2026-01-02 15:46:02 | DESCARTADA FECHA: 01
2026-01-02 15:46:02 | LINEA RAW [96]: 01,N,C,N,20251231,160807,N,C080168947
2026-01-02 15:46:02 | DESCARTADA FECHA: 01
2026-01-02 15:46:02 | LINEA RAW [97]: 01,N,C,N,20251231,161116,N,C080164402
2026-01-02 15:46:02 | DESCARTADA FECHA: 01
2026-01-02 15:46:02 | LINEA RAW [98]: 01,N,C,N,20251231,161117,N,C080164402
2026-01-02 15:46:02 | DESCARTADA FECHA: 01
2026-01-02 15:46:02 | LINEA RAW [99]: 01,N,C,N,20251231,161117,N,C080164402
2026-01-02 15:46:02 | DESCARTADA FECHA: 01
2026-01-02 15:46:02 | LINEA RAW [100]: 01,N,C,N,20251231,161119,N,C080165355
2026-01-02 15:46:02 | DESCARTADA FECHA: 01
2026-01-02 15:46:02 | LINEA RAW [101]: 01,N,C,N,20251231,161120,N,C080165355
2026-01-02 15:46:02 | DESCARTADA FECHA: 01
2026-01-02 15:46:02 | LINEA RAW [102]: 01,N,C,N,20251231,161120,N,C080165355
2026-01-02 15:46:02 | DESCARTADA FECHA: 01
2026-01-02 15:46:02 | LINEA RAW [103]: 01,N,C,N,20251231,161126,N,C080162759
2026-01-02 15:46:02 | DESCARTADA FECHA: 01
2026-01-02 15:46:02 | LINEA RAW [104]: 01,N,C,N,20251231,161126,N,C080162759
2026-01-02 15:46:02 | DESCARTADA FECHA: 01
2026-01-02 15:46:02 | LINEA RAW [105]: 01,N,C,N,20251231,161131,N,C080146002
2026-01-02 15:46:02 | DESCARTADA FECHA: 01
2026-01-02 15:46:02 | LINEA RAW [106]: 01,N,C,N,20251231,161131,N,C080146002
2026-01-02 15:46:02 | DESCARTADA FECHA: 01
2026-01-02 15:46:02 | LINEA RAW [107]: 01,N,C,N,20251231,161206,N,C080158862
2026-01-02 15:46:02 | DESCARTADA FECHA: 01
2026-01-02 15:46:02 | LINEA RAW [108]: 01,N,C,N,20251231,161206,N,C080158862
2026-01-02 15:46:02 | DESCARTADA FECHA: 01
2026-01-02 15:46:02 | LINEA RAW [109]: 01,N,C,N,20251231,161206,N,C080158862
2026-01-02 15:46:02 | DESCARTADA FECHA: 01
2026-01-02 15:46:02 | LINEA RAW [110]: 01,N,C,N,20251231,161209,N,C080145757
2026-01-02 15:46:02 | DESCARTADA FECHA: 01
2026-01-02 15:46:02 | LINEA RAW [111]: 01,N,C,N,20251231,161209,N,C080145757
2026-01-02 15:46:02 | DESCARTADA FECHA: 01
2026-01-02 15:46:02 | LINEA RAW [112]: 01,N,C,N,20251231,161241,N,C080169231
2026-01-02 15:46:02 | DESCARTADA FECHA: 01
2026-01-02 15:46:02 | LINEA RAW [113]: 01,N,C,N,20251231,161241,N,C080169231
2026-01-02 15:46:02 | DESCARTADA FECHA: 01
2026-01-02 15:46:02 | LINEA RAW [114]: 01,N,C,N,20251231,161241,N,C080169231
2026-01-02 15:46:02 | DESCARTADA FECHA: 01
2026-01-02 15:46:02 | LINEA RAW [115]: 01,N,C,N,20251231,161241,N,C080169231
2026-01-02 15:46:02 | DESCARTADA FECHA: 01
2026-01-02 15:46:02 | LINEA RAW [116]: 01,N,C,N,20251231,161242,N,C080169231
2026-01-02 15:46:02 | DESCARTADA FECHA: 01
2026-01-02 15:46:02 | LINEA RAW [117]: 01,N,C,N,20251231,161242,N,C080169231
2026-01-02 15:46:02 | DESCARTADA FECHA: 01
2026-01-02 15:46:02 | LINEA RAW [118]: 01,N,C,N,20251231,161242,N,C080169231
2026-01-02 15:46:02 | DESCARTADA FECHA: 01
2026-01-02 15:46:02 | LINEA RAW [119]: 01,N,C,N,20251231,161244,N,C080169286
2026-01-02 15:46:02 | DESCARTADA FECHA: 01
2026-01-02 15:46:02 | LINEA RAW [120]: 01,N,C,N,20251231,161244,N,C080169286
2026-01-02 15:46:02 | DESCARTADA FECHA: 01
2026-01-02 15:46:02 | LINEA RAW [121]: 01,N,C,N,20251231,161244,N,C080169286
2026-01-02 15:46:02 | DESCARTADA FECHA: 01
2026-01-02 15:46:02 | LINEA RAW [122]: 01,N,C,N,20251231,161244,N,C080169286
2026-01-02 15:46:02 | DESCARTADA FECHA: 01
2026-01-02 15:46:02 | LINEA RAW [123]: 01,N,C,N,20251231,161245,N,C080169286
2026-01-02 15:46:02 | DESCARTADA FECHA: 01
2026-01-02 15:46:02 | LINEA RAW [124]: 01,N,C,N,20251231,161247,N,C080169992
2026-01-02 15:46:02 | DESCARTADA FECHA: 01
2026-01-02 15:46:02 | LINEA RAW [125]: 01,N,C,N,20251231,161247,N,C080169992
2026-01-02 15:46:02 | DESCARTADA FECHA: 01
2026-01-02 15:46:02 | LINEA RAW [126]: 01,N,C,N,20251231,161247,N,C080169992
2026-01-02 15:46:02 | DESCARTADA FECHA: 01
2026-01-02 15:46:02 | LINEA RAW [127]: 01,N,C,N,20251231,161251,N,C080167721
2026-01-02 15:46:02 | DESCARTADA FECHA: 01
2026-01-02 15:46:02 | LINEA RAW [128]: 01,N,C,N,20251231,161251,N,C080167721
2026-01-02 15:46:02 | DESCARTADA FECHA: 01
2026-01-02 15:46:02 | LINEA RAW [129]: 01,N,C,N,20251231,161251,N,C080167721
2026-01-02 15:46:02 | DESCARTADA FECHA: 01
2026-01-02 15:46:02 | LINEA RAW [130]: 01,N,C,N,20251231,161301,N,C080166782
2026-01-02 15:46:02 | DESCARTADA FECHA: 01
2026-01-02 15:46:02 | LINEA RAW [131]: 01,N,C,N,20251231,161302,N,C080166782
2026-01-02 15:46:02 | DESCARTADA FECHA: 01
2026-01-02 15:46:02 | LINEA RAW [132]: 01,N,C,N,20251231,161302,N,C080166782
2026-01-02 15:46:02 | DESCARTADA FECHA: 01
2026-01-02 15:46:02 | LINEA RAW [133]: 01,N,C,N,20251231,161712,N,C080147114
2026-01-02 15:46:02 | DESCARTADA FECHA: 01
2026-01-02 15:46:02 | LINEA RAW [134]: 01,N,C,N,20251231,161712,N,C080147114
2026-01-02 15:46:02 | DESCARTADA FECHA: 01
2026-01-02 15:46:02 | LINEA RAW [135]: 01,N,C,N,20251231,161712,N,C080147114
2026-01-02 15:46:02 | DESCARTADA FECHA: 01
2026-01-02 15:46:02 | LINEA RAW [136]: 01,N,C,N,20251231,161719,N,C080147113
2026-01-02 15:46:02 | DESCARTADA FECHA: 01
2026-01-02 15:46:02 | LINEA RAW [137]: 01,N,C,N,20251231,161720,N,C080147113
2026-01-02 15:46:02 | DESCARTADA FECHA: 01
2026-01-02 15:46:02 | LINEA RAW [138]: 01,N,C,N,20251231,161720,N,C080147113
2026-01-02 15:46:02 | DESCARTADA FECHA: 01
2026-01-02 15:46:02 | LINEA RAW [139]: 01,N,C,N,20251231,161808,N,C080149793
2026-01-02 15:46:02 | DESCARTADA FECHA: 01
2026-01-02 15:46:02 | LINEA RAW [140]: 01,N,C,N,20251231,161836,N,C080169745
2026-01-02 15:46:02 | DESCARTADA FECHA: 01
2026-01-02 15:46:02 | LINEA RAW [141]: 01,N,C,N,20251231,161836,N,C080169745
2026-01-02 15:46:02 | DESCARTADA FECHA: 01
2026-01-02 15:46:02 | LINEA RAW [142]: 01,N,C,N,20251231,162046,N,C080157946
2026-01-02 15:46:02 | DESCARTADA FECHA: 01
2026-01-02 15:46:02 | LINEA RAW [143]: 01,N,C,N,20251231,162046,N,C080157946
2026-01-02 15:46:02 | DESCARTADA FECHA: 01
2026-01-02 15:46:02 | LINEA RAW [144]: 01,N,C,N,20251231,162047,N,C080157946
2026-01-02 15:46:02 | DESCARTADA FECHA: 01
2026-01-02 15:46:02 | LINEA RAW [145]: 01,N,C,N,20251231,162047,N,C080157946
2026-01-02 15:46:02 | DESCARTADA FECHA: 01
2026-01-02 15:46:02 | LINEA RAW [146]: 01,N,C,N,20251231,162217,N,C080164828
2026-01-02 15:46:02 | DESCARTADA FECHA: 01
2026-01-02 15:46:02 | LINEA RAW [147]: 01,N,C,N,20251231,162218,N,C080164828
2026-01-02 15:46:02 | DESCARTADA FECHA: 01
2026-01-02 15:46:02 | LINEA RAW [148]: 01,N,C,N,20251231,162218,N,C080164828
2026-01-02 15:46:02 | DESCARTADA FECHA: 01
2026-01-02 15:46:02 | LINEA RAW [149]: 01,N,C,N,20251231,162247,N,C080167240
2026-01-02 15:46:02 | DESCARTADA FECHA: 01
2026-01-02 15:46:02 | LINEA RAW [150]: 01,N,C,N,20251231,162247,N,C080167240
2026-01-02 15:46:02 | DESCARTADA FECHA: 01
2026-01-02 15:46:02 | LINEA RAW [151]: 01,N,C,N,20251231,162247,N,C080167240
2026-01-02 15:46:02 | DESCARTADA FECHA: 01
2026-01-02 15:46:02 | LINEA RAW [152]: 01,N,C,N,20251231,162259,N,C080135748
2026-01-02 15:46:02 | DESCARTADA FECHA: 01
2026-01-02 15:46:02 | LINEA RAW [153]: 01,N,C,N,20251231,162300,N,C080135748
2026-01-02 15:46:02 | DESCARTADA FECHA: 01
2026-01-02 15:46:02 | LINEA RAW [154]: 01,N,C,N,20251231,162300,N,C080135748
2026-01-02 15:46:02 | DESCARTADA FECHA: 01
2026-01-02 15:46:02 | LINEA RAW [155]: 01,N,C,N,20251231,162936,N,C080129980
2026-01-02 15:46:02 | DESCARTADA FECHA: 01
2026-01-02 15:46:02 | LINEA RAW [156]: 01,N,C,N,20251231,162937,N,C080129980
2026-01-02 15:46:02 | DESCARTADA FECHA: 01
2026-01-02 15:46:02 | LINEA RAW [157]: 01,N,C,N,20251231,162937,N,C080129980
2026-01-02 15:46:02 | DESCARTADA FECHA: 01
2026-01-02 15:46:02 | LINEA RAW [158]: 01,N,C,N,20251231,162937,N,C080129980
2026-01-02 15:46:02 | DESCARTADA FECHA: 01
2026-01-02 15:46:02 | LINEA RAW [159]: 01,N,C,N,20251231,163031,N,C080164863
2026-01-02 15:46:02 | DESCARTADA FECHA: 01
2026-01-02 15:46:02 | LINEA RAW [160]: 01,N,C,N,20251231,163032,N,C080164863
2026-01-02 15:46:02 | DESCARTADA FECHA: 01
2026-01-02 15:46:02 | LINEA RAW [161]: 01,N,C,N,20251231,163032,N,C080164863
2026-01-02 15:46:02 | DESCARTADA FECHA: 01
2026-01-02 15:46:02 | LINEA RAW [162]: 01,N,C,N,20251231,163032,N,C080164863
2026-01-02 15:46:02 | DESCARTADA FECHA: 01
2026-01-02 15:46:02 | LINEA RAW [163]: 01,N,C,N,20251231,163035,N,C080169593
2026-01-02 15:46:02 | DESCARTADA FECHA: 01
2026-01-02 15:46:02 | LINEA RAW [164]: 01,N,C,N,20251231,163035,N,C080169593
2026-01-02 15:46:02 | DESCARTADA FECHA: 01
2026-01-02 15:46:02 | LINEA RAW [165]: 01,N,C,N,20251231,163035,N,C080169593
2026-01-02 15:46:02 | DESCARTADA FECHA: 01
2026-01-02 15:46:02 | LINEA RAW [166]: 01,N,C,N,20251231,163036,N,C080169593
2026-01-02 15:46:02 | DESCARTADA FECHA: 01
2026-01-02 15:46:02 | LINEA RAW [167]: 01,N,C,N,20251231,163036,N,C080169593
2026-01-02 15:46:02 | DESCARTADA FECHA: 01
2026-01-02 15:46:02 | LINEA RAW [168]: 01,N,C,N,20251231,164302,N,C080139154
2026-01-02 15:46:02 | DESCARTADA FECHA: 01
2026-01-02 15:46:02 | LINEA RAW [169]: 01,N,C,N,20251231,164302,N,C080139154
2026-01-02 15:46:02 | DESCARTADA FECHA: 01
2026-01-02 15:46:02 | LINEA RAW [170]: 01,N,C,N,20251231,164302,N,C080139154
2026-01-02 15:46:02 | DESCARTADA FECHA: 01
2026-01-02 15:46:02 | LINEA RAW [171]: 01,N,C,N,20251231,164504,N,C080170091
2026-01-02 15:46:02 | DESCARTADA FECHA: 01
2026-01-02 15:46:02 | LINEA RAW [172]: 01,N,C,N,20251231,164504,N,C080170091
2026-01-02 15:46:02 | DESCARTADA FECHA: 01
2026-01-02 15:46:02 | LINEA RAW [173]: 01,N,C,N,20251231,164505,N,C080170091
2026-01-02 15:46:02 | DESCARTADA FECHA: 01
2026-01-02 15:46:02 | LINEA RAW [174]: 01,N,C,N,20251231,164505,N,C080170091
2026-01-02 15:46:02 | DESCARTADA FECHA: 01
2026-01-02 15:46:02 | LINEA RAW [175]: 01,N,C,N,20251231,164505,N,C080170091
2026-01-02 15:46:02 | DESCARTADA FECHA: 01
2026-01-02 15:46:02 | LINEA RAW [176]: 01,N,C,N,20251231,165238,N,C080164974
2026-01-02 15:46:02 | DESCARTADA FECHA: 01
2026-01-02 15:46:02 | LINEA RAW [177]: 01,N,C,N,20251231,165239,N,C080164974
2026-01-02 15:46:02 | DESCARTADA FECHA: 01
2026-01-02 15:46:02 | LINEA RAW [178]: 01,N,C,N,20251231,165239,N,C080164974
2026-01-02 15:46:02 | DESCARTADA FECHA: 01
2026-01-02 15:46:02 | LINEA RAW [179]: 01,N,C,N,20251231,165239,N,C080164974
2026-01-02 15:46:02 | DESCARTADA FECHA: 01
2026-01-02 15:46:02 | LINEA RAW [180]: 01,N,C,N,20251231,165244,N,C080145138
2026-01-02 15:46:02 | DESCARTADA FECHA: 01
2026-01-02 15:46:02 | LINEA RAW [181]: 01,N,C,N,20251231,165245,N,C080145138
2026-01-02 15:46:02 | DESCARTADA FECHA: 01
2026-01-02 15:46:02 | LINEA RAW [182]: 01,N,C,N,20251231,170008,N,C080129267
2026-01-02 15:46:02 | DESCARTADA FECHA: 01
2026-01-02 15:46:02 | LINEA RAW [183]: 01,N,C,N,20251231,170008,N,C080129267
2026-01-02 15:46:02 | DESCARTADA FECHA: 01
2026-01-02 15:46:02 | LINEA RAW [184]: 01,N,C,N,20251231,170422,N,C080163376
2026-01-02 15:46:02 | DESCARTADA FECHA: 01
2026-01-02 15:46:02 | LINEA RAW [185]: 01,N,C,N,20251231,170422,N,C080163376
2026-01-02 15:46:02 | DESCARTADA FECHA: 01
2026-01-02 15:46:02 | LINEA RAW [186]: 01,N,C,N,20251231,170717,N,C080160523
2026-01-02 15:46:02 | DESCARTADA FECHA: 01
2026-01-02 15:46:02 | LINEA RAW [187]: 01,N,C,N,20251231,170717,N,C080160523
2026-01-02 15:46:02 | DESCARTADA FECHA: 01
2026-01-02 15:46:02 | LINEA RAW [188]: 01,N,C,N,20251231,170828,N,C080128859
2026-01-02 15:46:02 | DESCARTADA FECHA: 01
2026-01-02 15:46:02 | LINEA RAW [189]: 01,N,C,N,20251231,170828,N,C080128859
2026-01-02 15:46:02 | DESCARTADA FECHA: 01
2026-01-02 15:46:02 | LINEA RAW [190]: 01,N,C,N,20251231,170924,N,C080166608
2026-01-02 15:46:02 | DESCARTADA FECHA: 01
2026-01-02 15:46:02 | LINEA RAW [191]: 01,N,C,N,20251231,170924,N,C080166608
2026-01-02 15:46:02 | DESCARTADA FECHA: 01
2026-01-02 15:46:02 | LINEA RAW [192]: 01,N,C,N,20251231,170924,N,C080166608
2026-01-02 15:46:02 | DESCARTADA FECHA: 01
2026-01-02 15:46:02 | LINEA RAW [193]: 01,N,C,N,20251231,170924,N,C080166608
2026-01-02 15:46:02 | DESCARTADA FECHA: 01
2026-01-02 15:46:02 | LINEA RAW [194]: 01,N,C,N,20251231,171950,N,C080166119
2026-01-02 15:46:02 | DESCARTADA FECHA: 01
2026-01-02 15:46:02 | LINEA RAW [195]: 01,N,C,N,20251231,171951,N,C080166119
2026-01-02 15:46:02 | DESCARTADA FECHA: 01
2026-01-02 15:46:02 | LINEA RAW [196]: 01,N,C,N,20251231,171951,N,C080166119
2026-01-02 15:46:02 | DESCARTADA FECHA: 01
2026-01-02 15:46:02 | LINEA RAW [197]: 01,N,C,N,20251231,171952,N,C080146800
2026-01-02 15:46:02 | DESCARTADA FECHA: 01
2026-01-02 15:46:02 | LINEA RAW [198]: 01,N,C,N,20251231,171952,N,C080146800
2026-01-02 15:46:02 | DESCARTADA FECHA: 01
2026-01-02 15:46:02 | LINEA RAW [199]: 01,N,C,N,20251231,171952,N,C080146800
2026-01-02 15:46:02 | DESCARTADA FECHA: 01
2026-01-02 15:46:02 | LINEA RAW [200]: 01,N,C,N,20251231,171953,N,C080146800
2026-01-02 15:46:02 | DESCARTADA FECHA: 01
2026-01-02 15:46:02 | LINEA RAW [201]: 01,N,C,N,20251231,171953,N,C080146800
2026-01-02 15:46:02 | DESCARTADA FECHA: 01
2026-01-02 15:46:02 | LINEA RAW [202]: 01,N,C,N,20251231,171954,N,C080168024
2026-01-02 15:46:02 | DESCARTADA FECHA: 01
2026-01-02 15:46:02 | LINEA RAW [203]: 01,N,C,N,20251231,171954,N,C080168024
2026-01-02 15:46:02 | DESCARTADA FECHA: 01
2026-01-02 15:46:02 | LINEA RAW [204]: 01,N,C,N,20251231,171954,N,C080168024
2026-01-02 15:46:02 | DESCARTADA FECHA: 01
2026-01-02 15:46:02 | LINEA RAW [205]: 01,N,C,N,20251231,171954,N,C080168024
2026-01-02 15:46:02 | DESCARTADA FECHA: 01
2026-01-02 15:46:02 | LINEA RAW [206]: 01,N,C,N,20251231,171954,N,C080168024
2026-01-02 15:46:02 | DESCARTADA FECHA: 01
2026-01-02 15:46:02 | LINEA RAW [207]: 01,N,C,N,20251231,171955,N,C080168024
2026-01-02 15:46:02 | DESCARTADA FECHA: 01
2026-01-02 15:46:02 | LINEA RAW [208]: 01,N,C,N,20251231,172156,N,C080166040
2026-01-02 15:46:02 | DESCARTADA FECHA: 01
2026-01-02 15:46:02 | LINEA RAW [209]: 01,N,C,N,20251231,172157,N,C080166040
2026-01-02 15:46:02 | DESCARTADA FECHA: 01
2026-01-02 15:46:02 | LINEA RAW [210]: 01,N,C,N,20251231,172157,N,C080166040
2026-01-02 15:46:02 | DESCARTADA FECHA: 01
2026-01-02 15:46:02 | LINEA RAW [211]: 01,N,C,N,20251231,172852,N,C080130218
2026-01-02 15:46:02 | DESCARTADA FECHA: 01
2026-01-02 15:46:02 | LINEA RAW [212]: 01,N,C,N,20251231,172852,N,C080130218
2026-01-02 15:46:02 | DESCARTADA FECHA: 01
2026-01-02 15:46:02 | LINEA RAW [213]: 01,N,C,N,20251231,172853,N,C080130218
2026-01-02 15:46:02 | DESCARTADA FECHA: 01
2026-01-02 15:46:02 | LINEA RAW [214]: 01,N,C,N,20251231,172853,N,C080130218
2026-01-02 15:46:02 | DESCARTADA FECHA: 01
2026-01-02 15:46:02 | LINEA RAW [215]: 01,N,C,N,20251231,173855,N,C080153754
2026-01-02 15:46:02 | DESCARTADA FECHA: 01
2026-01-02 15:46:02 | LINEA RAW [216]: 01,N,C,N,20251231,173856,N,C080153754
2026-01-02 15:46:02 | DESCARTADA FECHA: 01
2026-01-02 15:46:02 | LINEA RAW [217]: 01,N,C,N,20251231,173856,N,C080153754
2026-01-02 15:46:02 | DESCARTADA FECHA: 01
2026-01-02 15:46:02 | LINEA RAW [218]: 01,N,C,N,20251231,173856,N,C080153754
2026-01-02 15:46:02 | DESCARTADA FECHA: 01
2026-01-02 15:46:02 | LINEA RAW [219]: 01,N,C,N,20251231,173857,N,C080153754
2026-01-02 15:46:02 | DESCARTADA FECHA: 01
2026-01-02 15:46:02 | LINEA RAW [220]: 01,N,C,N,20251231,173857,N,C080153754
2026-01-02 15:46:02 | DESCARTADA FECHA: 01
2026-01-02 15:46:02 | LINEA RAW [221]: 01,N,C,N,20251231,173858,N,C080153754
2026-01-02 15:46:02 | DESCARTADA FECHA: 01
2026-01-02 15:46:02 | LINEA RAW [222]: 01,N,C,N,20251231,173858,N,C080153754
2026-01-02 15:46:02 | DESCARTADA FECHA: 01
2026-01-02 15:46:02 | LINEA RAW [223]: 01,N,C,N,20251231,173858,N,C080153754
2026-01-02 15:46:02 | DESCARTADA FECHA: 01
2026-01-02 15:46:02 | LINEA RAW [224]: 01,N,C,N,20251231,173858,N,C080153754
2026-01-02 15:46:02 | DESCARTADA FECHA: 01
2026-01-02 15:46:02 | LINEA RAW [225]: 01,N,C,N,20251231,174428,N,C080147108
2026-01-02 15:46:02 | DESCARTADA FECHA: 01
2026-01-02 15:46:02 | LINEA RAW [226]: 01,N,C,N,20251231,174428,N,C080147108
2026-01-02 15:46:02 | DESCARTADA FECHA: 01
2026-01-02 15:46:02 | LINEA RAW [227]: 01,N,C,N,20251231,174428,N,C080147108
2026-01-02 15:46:02 | DESCARTADA FECHA: 01
2026-01-02 15:46:02 | LINEA RAW [228]: 01,N,C,N,20251231,174429,N,C080147108
2026-01-02 15:46:02 | DESCARTADA FECHA: 01
2026-01-02 15:46:02 | LINEA RAW [229]: 01,N,C,N,20251231,174429,N,C080147108
2026-01-02 15:46:02 | DESCARTADA FECHA: 01
2026-01-02 15:46:02 | LINEA RAW [230]: 01,N,C,N,20251231,180035,N,C080170140
2026-01-02 15:46:02 | DESCARTADA FECHA: 01
2026-01-02 15:46:02 | LINEA RAW [231]: 01,N,C,N,20251231,180036,N,C080170140
2026-01-02 15:46:02 | DESCARTADA FECHA: 01
2026-01-02 15:46:02 | LINEA RAW [232]: 01,N,C,N,20251231,180036,N,C080170140
2026-01-02 15:46:02 | DESCARTADA FECHA: 01
2026-01-02 15:46:02 | LINEA RAW [233]: 01,N,C,N,20251231,180036,N,C080170140
2026-01-02 15:46:02 | DESCARTADA FECHA: 01
2026-01-02 15:46:02 | LINEA RAW [234]: 01,N,C,N,20251231,180036,N,C080170140
2026-01-02 15:46:02 | DESCARTADA FECHA: 01
2026-01-02 15:46:02 | LINEA RAW [235]: 01,N,C,N,20251231,180203,N,C080167729
2026-01-02 15:46:02 | DESCARTADA FECHA: 01
2026-01-02 15:46:02 | LINEA RAW [236]: 01,N,C,N,20251231,180203,N,C080167729
2026-01-02 15:46:02 | DESCARTADA FECHA: 01
2026-01-02 15:46:02 | LINEA RAW [237]: 01,N,C,N,20251231,180203,N,C080167729
2026-01-02 15:46:02 | DESCARTADA FECHA: 01
2026-01-02 15:46:02 | LINEA RAW [238]: 01,N,C,N,20251231,180204,N,C080167729
2026-01-02 15:46:02 | DESCARTADA FECHA: 01
2026-01-02 15:46:02 | LINEA RAW [239]: 01,N,C,N,20251231,180204,N,C080167729
2026-01-02 15:46:02 | DESCARTADA FECHA: 01
2026-01-02 15:46:02 | LINEA RAW [240]: 01,N,C,N,20251231,180558,N,C080129279
2026-01-02 15:46:02 | DESCARTADA FECHA: 01
2026-01-02 15:46:02 | LINEA RAW [241]: 01,N,C,N,20251231,180558,N,C080129279
2026-01-02 15:46:02 | DESCARTADA FECHA: 01
2026-01-02 15:46:02 | LINEA RAW [242]: 01,N,C,N,20251231,180558,N,C080129279
2026-01-02 15:46:02 | DESCARTADA FECHA: 01
2026-01-02 15:46:02 | LINEA RAW [243]: 01,N,C,N,20251231,180559,N,C080129279
2026-01-02 15:46:02 | DESCARTADA FECHA: 01
2026-01-02 15:46:02 | LINEA RAW [244]: 01,N,C,N,20251231,181218,N,C068422084
2026-01-02 15:46:02 | DESCARTADA FECHA: 01
2026-01-02 15:46:02 | LINEA RAW [245]: 01,N,C,N,20251231,181218,N,C068422084
2026-01-02 15:46:02 | DESCARTADA FECHA: 01
2026-01-02 15:46:02 | LINEA RAW [246]: 01,N,C,N,20251231,181218,N,C068422084
2026-01-02 15:46:02 | DESCARTADA FECHA: 01
2026-01-02 15:46:02 | LINEA RAW [247]: 01,N,C,N,20251231,181227,N,C080143958
2026-01-02 15:46:02 | DESCARTADA FECHA: 01
2026-01-02 15:46:02 | LINEA RAW [248]: 01,N,C,N,20251231,181228,N,C080143958
2026-01-02 15:46:02 | DESCARTADA FECHA: 01
2026-01-02 15:46:02 | LINEA RAW [249]: 01,N,C,N,20251231,181607,N,C080147277
2026-01-02 15:46:02 | DESCARTADA FECHA: 01
2026-01-02 15:46:02 | LINEA RAW [250]: 01,N,C,N,20251231,181608,N,C080147277
2026-01-02 15:46:02 | DESCARTADA FECHA: 01
2026-01-02 15:46:02 | LINEA RAW [251]: 01,N,C,N,20251231,181608,N,C080147277
2026-01-02 15:46:02 | DESCARTADA FECHA: 01
2026-01-02 15:46:02 | LINEA RAW [252]: 01,N,C,N,20260102,052859,N,C080163087
2026-01-02 15:46:02 | DESCARTADA FECHA: 01
2026-01-02 15:46:02 | LINEA RAW [253]: 01,N,C,N,20260102,052900,N,C080163087
2026-01-02 15:46:02 | DESCARTADA FECHA: 01
2026-01-02 15:46:02 | LINEA RAW [254]: 01,N,C,N,20260102,052900,N,C080163087
2026-01-02 15:46:02 | DESCARTADA FECHA: 01
2026-01-02 15:46:02 | LINEA RAW [255]: 01,N,C,N,20260102,053110,N,C080163472
2026-01-02 15:46:02 | DESCARTADA FECHA: 01
2026-01-02 15:46:02 | LINEA RAW [256]: 01,N,C,N,20260102,053110,N,C080163472
2026-01-02 15:46:02 | DESCARTADA FECHA: 01
2026-01-02 15:46:02 | LINEA RAW [257]: 01,N,C,N,20260102,053110,N,C080163472
2026-01-02 15:46:02 | DESCARTADA FECHA: 01
2026-01-02 15:46:02 | LINEA RAW [258]: 01,N,C,N,20260102,053116,N,C080164858
2026-01-02 15:46:02 | DESCARTADA FECHA: 01
2026-01-02 15:46:02 | LINEA RAW [259]: 01,N,C,N,20260102,053117,N,C080164858
2026-01-02 15:46:02 | DESCARTADA FECHA: 01
2026-01-02 15:46:02 | LINEA RAW [260]: 01,N,C,N,20260102,053231,N,C080166649
2026-01-02 15:46:02 | DESCARTADA FECHA: 01
2026-01-02 15:46:02 | LINEA RAW [261]: 01,N,C,N,20260102,053231,N,C080166649
2026-01-02 15:46:02 | DESCARTADA FECHA: 01
2026-01-02 15:46:02 | LINEA RAW [262]: 01,N,C,N,20260102,053232,N,C080166649
2026-01-02 15:46:02 | DESCARTADA FECHA: 01
2026-01-02 15:46:02 | LINEA RAW [263]: 01,N,C,N,20260102,053659,N,C080166097
2026-01-02 15:46:02 | DESCARTADA FECHA: 01
2026-01-02 15:46:02 | LINEA RAW [264]: 01,N,C,N,20260102,053659,N,C080166097
2026-01-02 15:46:02 | DESCARTADA FECHA: 01
2026-01-02 15:46:02 | LINEA RAW [265]: 01,N,C,N,20260102,053659,N,C080166097
2026-01-02 15:46:02 | DESCARTADA FECHA: 01
2026-01-02 15:46:02 | LINEA RAW [266]: 01,N,C,N,20260102,053714,N,C080166759
2026-01-02 15:46:02 | DESCARTADA FECHA: 01
2026-01-02 15:46:02 | LINEA RAW [267]: 01,N,C,N,20260102,053715,N,C080166759
2026-01-02 15:46:02 | DESCARTADA FECHA: 01
2026-01-02 15:46:02 | LINEA RAW [268]: 01,N,C,N,20260102,053715,N,C080166759
2026-01-02 15:46:02 | DESCARTADA FECHA: 01
2026-01-02 15:46:02 | LINEA RAW [269]: 01,N,C,N,20260102,053715,N,C080166759
2026-01-02 15:46:02 | DESCARTADA FECHA: 01
2026-01-02 15:46:02 | LINEA RAW [270]: 01,N,C,N,20260102,053715,N,C080166759
2026-01-02 15:46:02 | DESCARTADA FECHA: 01
2026-01-02 15:46:02 | LINEA RAW [271]: 01,N,C,N,20260102,053820,N,C080169582
2026-01-02 15:46:02 | DESCARTADA FECHA: 01
2026-01-02 15:46:02 | LINEA RAW [272]: 01,N,C,N,20260102,053820,N,C080169582
2026-01-02 15:46:02 | DESCARTADA FECHA: 01
2026-01-02 15:46:02 | LINEA RAW [273]: 01,N,C,N,20260102,053820,N,C080169582
2026-01-02 15:46:02 | DESCARTADA FECHA: 01
2026-01-02 15:46:02 | LINEA RAW [274]: 01,N,C,N,20260102,053820,N,C080169582
2026-01-02 15:46:02 | DESCARTADA FECHA: 01
2026-01-02 15:46:02 | LINEA RAW [275]: 01,N,C,N,20260102,053821,N,C080169582
2026-01-02 15:46:02 | DESCARTADA FECHA: 01
2026-01-02 15:46:02 | LINEA RAW [276]: 01,N,C,N,20260102,053824,N,C080161938
2026-01-02 15:46:02 | DESCARTADA FECHA: 01
2026-01-02 15:46:02 | LINEA RAW [277]: 01,N,C,N,20260102,053824,N,C080161938
2026-01-02 15:46:02 | DESCARTADA FECHA: 01
2026-01-02 15:46:02 | LINEA RAW [278]: 01,N,C,N,20260102,053825,N,C080161938
2026-01-02 15:46:02 | DESCARTADA FECHA: 01
2026-01-02 15:46:02 | LINEA RAW [279]: 01,N,C,N,20260102,053831,N,C080168989
2026-01-02 15:46:02 | DESCARTADA FECHA: 01
2026-01-02 15:46:02 | LINEA RAW [280]: 01,N,C,N,20260102,053831,N,C080168989
2026-01-02 15:46:02 | DESCARTADA FECHA: 01
2026-01-02 15:46:02 | LINEA RAW [281]: 01,N,C,N,20260102,053842,N,C080169742
2026-01-02 15:46:02 | DESCARTADA FECHA: 01
2026-01-02 15:46:02 | LINEA RAW [282]: 01,N,C,N,20260102,053842,N,C080169742
2026-01-02 15:46:02 | DESCARTADA FECHA: 01
2026-01-02 15:46:02 | LINEA RAW [283]: 01,N,C,N,20260102,053843,N,C080169742
2026-01-02 15:46:02 | DESCARTADA FECHA: 01
2026-01-02 15:46:02 | LINEA RAW [284]: 01,N,C,N,20260102,053844,N,C080163903
2026-01-02 15:46:02 | DESCARTADA FECHA: 01
2026-01-02 15:46:02 | LINEA RAW [285]: 01,N,C,N,20260102,053845,N,C080163903
2026-01-02 15:46:02 | DESCARTADA FECHA: 01
2026-01-02 15:46:02 | LINEA RAW [286]: 01,N,C,N,20260102,053845,N,C080163903
2026-01-02 15:46:02 | DESCARTADA FECHA: 01
2026-01-02 15:46:02 | LINEA RAW [287]: 01,N,C,N,20260102,054010,N,C080166646
2026-01-02 15:46:02 | DESCARTADA FECHA: 01
2026-01-02 15:46:02 | LINEA RAW [288]: 01,N,C,N,20260102,054010,N,C080166646
2026-01-02 15:46:02 | DESCARTADA FECHA: 01
2026-01-02 15:46:02 | LINEA RAW [289]: 01,N,C,N,20260102,054010,N,C080166646
2026-01-02 15:46:02 | DESCARTADA FECHA: 01
2026-01-02 15:46:02 | LINEA RAW [290]: 01,N,C,N,20260102,054017,N,C080166620
2026-01-02 15:46:02 | DESCARTADA FECHA: 01
2026-01-02 15:46:02 | LINEA RAW [291]: 01,N,C,N,20260102,054017,N,C080166620
2026-01-02 15:46:02 | DESCARTADA FECHA: 01
2026-01-02 15:46:02 | LINEA RAW [292]: 01,N,C,N,20260102,054019,N,C080142035
2026-01-02 15:46:02 | DESCARTADA FECHA: 01
2026-01-02 15:46:02 | LINEA RAW [293]: 01,N,C,N,20260102,054019,N,C080142035
2026-01-02 15:46:02 | DESCARTADA FECHA: 01
2026-01-02 15:46:02 | LINEA RAW [294]: 01,N,C,N,20260102,054022,N,C080165444
2026-01-02 15:46:02 | DESCARTADA FECHA: 01
2026-01-02 15:46:02 | LINEA RAW [295]: 01,N,C,N,20260102,054022,N,C080165444
2026-01-02 15:46:02 | DESCARTADA FECHA: 01
2026-01-02 15:46:02 | LINEA RAW [296]: 01,N,C,N,20260102,054023,N,C080165444
2026-01-02 15:46:02 | DESCARTADA FECHA: 01
2026-01-02 15:46:02 | LINEA RAW [297]: 01,N,C,N,20260102,054026,N,C080163100
2026-01-02 15:46:02 | DESCARTADA FECHA: 01
2026-01-02 15:46:02 | LINEA RAW [298]: 01,N,C,N,20260102,054026,N,C080163100
2026-01-02 15:46:02 | DESCARTADA FECHA: 01
2026-01-02 15:46:02 | LINEA RAW [299]: 01,N,C,N,20260102,054026,N,C080163100
2026-01-02 15:46:02 | DESCARTADA FECHA: 01
2026-01-02 15:46:02 | LINEA RAW [300]: 01,N,C,N,20260102,054031,N,C080163014
2026-01-02 15:46:02 | DESCARTADA FECHA: 01
2026-01-02 15:46:02 | LINEA RAW [301]: 01,N,C,N,20260102,054032,N,C080163014
2026-01-02 15:46:02 | DESCARTADA FECHA: 01
2026-01-02 15:46:02 | LINEA RAW [302]: 01,N,C,N,20260102,054032,N,C080163014
2026-01-02 15:46:02 | DESCARTADA FECHA: 01
2026-01-02 15:46:02 | LINEA RAW [303]: 01,N,C,N,20260102,054104,N,C080145768
2026-01-02 15:46:02 | DESCARTADA FECHA: 01
2026-01-02 15:46:02 | LINEA RAW [304]: 01,N,C,N,20260102,054104,N,C080145768
2026-01-02 15:46:02 | DESCARTADA FECHA: 01
2026-01-02 15:46:02 | LINEA RAW [305]: 01,N,C,N,20260102,054104,N,C080145768
2026-01-02 15:46:02 | DESCARTADA FECHA: 01
2026-01-02 15:46:02 | LINEA RAW [306]: 01,N,C,N,20260102,054128,N,C080153297
2026-01-02 15:46:02 | DESCARTADA FECHA: 01
2026-01-02 15:46:02 | LINEA RAW [307]: 01,N,C,N,20260102,054142,N,C080163084
2026-01-02 15:46:02 | DESCARTADA FECHA: 01
2026-01-02 15:46:02 | LINEA RAW [308]: 01,N,C,N,20260102,054142,N,C080163084
2026-01-02 15:46:02 | DESCARTADA FECHA: 01
2026-01-02 15:46:02 | LINEA RAW [309]: 01,N,C,N,20260102,054145,N,C080146114
2026-01-02 15:46:02 | DESCARTADA FECHA: 01
2026-01-02 15:46:02 | LINEA RAW [310]: 01,N,C,N,20260102,054145,N,C080146114
2026-01-02 15:46:02 | DESCARTADA FECHA: 01
2026-01-02 15:46:02 | LINEA RAW [311]: 01,N,C,N,20260102,054145,N,C080146114
2026-01-02 15:46:02 | DESCARTADA FECHA: 01
2026-01-02 15:46:02 | LINEA RAW [312]: 01,N,C,N,20260102,054145,N,C080146114
2026-01-02 15:46:02 | DESCARTADA FECHA: 01
2026-01-02 15:46:02 | LINEA RAW [313]: 01,N,C,N,20260102,054159,N,C080132735
2026-01-02 15:46:02 | DESCARTADA FECHA: 01
2026-01-02 15:46:02 | LINEA RAW [314]: 01,N,C,N,20260102,054159,N,C080132735
2026-01-02 15:46:02 | DESCARTADA FECHA: 01
2026-01-02 15:46:02 | LINEA RAW [315]: 01,N,C,N,20260102,054205,N,C080166789
2026-01-02 15:46:02 | DESCARTADA FECHA: 01
2026-01-02 15:46:02 | LINEA RAW [316]: 01,N,C,N,20260102,054206,N,C080166789
2026-01-02 15:46:02 | DESCARTADA FECHA: 01
2026-01-02 15:46:02 | LINEA RAW [317]: 01,N,C,N,20260102,054206,N,C080166789
2026-01-02 15:46:02 | DESCARTADA FECHA: 01
2026-01-02 15:46:02 | LINEA RAW [318]: 01,N,C,N,20260102,054217,N,C080163422
2026-01-02 15:46:02 | DESCARTADA FECHA: 01
2026-01-02 15:46:02 | LINEA RAW [319]: 01,N,C,N,20260102,054218,N,C080163422
2026-01-02 15:46:02 | DESCARTADA FECHA: 01
2026-01-02 15:46:02 | LINEA RAW [320]: 01,N,C,N,20260102,054224,N,C080134167
2026-01-02 15:46:02 | DESCARTADA FECHA: 01
2026-01-02 15:46:02 | LINEA RAW [321]: 01,N,C,N,20260102,054224,N,C080134167
2026-01-02 15:46:02 | DESCARTADA FECHA: 01
2026-01-02 15:46:02 | LINEA RAW [322]: 01,N,C,N,20260102,054224,N,C080134167
2026-01-02 15:46:02 | DESCARTADA FECHA: 01
2026-01-02 15:46:02 | LINEA RAW [323]: 01,N,C,N,20260102,054226,N,C080146010
2026-01-02 15:46:02 | DESCARTADA FECHA: 01
2026-01-02 15:46:02 | LINEA RAW [324]: 01,N,C,N,20260102,054226,N,C080146010
2026-01-02 15:46:02 | DESCARTADA FECHA: 01
2026-01-02 15:46:02 | LINEA RAW [325]: 01,N,C,N,20260102,054245,N,C080169603
2026-01-02 15:46:02 | DESCARTADA FECHA: 01
2026-01-02 15:46:02 | LINEA RAW [326]: 01,N,C,N,20260102,054246,N,C080169603
2026-01-02 15:46:02 | DESCARTADA FECHA: 01
2026-01-02 15:46:02 | LINEA RAW [327]: 01,N,C,N,20260102,054246,N,C080169603
2026-01-02 15:46:02 | DESCARTADA FECHA: 01
2026-01-02 15:46:02 | LINEA RAW [328]: 01,N,C,N,20260102,054249,N,C080129870
2026-01-02 15:46:02 | DESCARTADA FECHA: 01
2026-01-02 15:46:02 | LINEA RAW [329]: 01,N,C,N,20260102,054249,N,C080129870
2026-01-02 15:46:02 | DESCARTADA FECHA: 01
2026-01-02 15:46:02 | LINEA RAW [330]: 01,N,C,N,20260102,054258,N,C080130563
2026-01-02 15:46:02 | DESCARTADA FECHA: 01
2026-01-02 15:46:02 | LINEA RAW [331]: 01,N,C,N,20260102,054258,N,C080130563
2026-01-02 15:46:02 | DESCARTADA FECHA: 01
2026-01-02 15:46:02 | LINEA RAW [332]: 01,N,C,N,20260102,054259,N,C080130563
2026-01-02 15:46:02 | DESCARTADA FECHA: 01
2026-01-02 15:46:02 | LINEA RAW [333]: 01,N,C,N,20260102,054312,N,C080163074
2026-01-02 15:46:02 | DESCARTADA FECHA: 01
2026-01-02 15:46:02 | LINEA RAW [334]: 01,N,C,N,20260102,054313,N,C080163074
2026-01-02 15:46:02 | DESCARTADA FECHA: 01
2026-01-02 15:46:02 | LINEA RAW [335]: 01,N,C,N,20260102,054313,N,C080163074
2026-01-02 15:46:02 | DESCARTADA FECHA: 01
2026-01-02 15:46:02 | LINEA RAW [336]: 01,N,C,N,20260102,054315,N,C080134456
2026-01-02 15:46:02 | DESCARTADA FECHA: 01
2026-01-02 15:46:02 | LINEA RAW [337]: 01,N,C,N,20260102,054316,N,C080134456
2026-01-02 15:46:02 | DESCARTADA FECHA: 01
2026-01-02 15:46:02 | LINEA RAW [338]: 01,N,C,N,20260102,054316,N,C080134456
2026-01-02 15:46:02 | DESCARTADA FECHA: 01
2026-01-02 15:46:02 | LINEA RAW [339]: 01,N,C,N,20260102,054347,N,C080169592
2026-01-02 15:46:02 | DESCARTADA FECHA: 01
2026-01-02 15:46:02 | LINEA RAW [340]: 01,N,C,N,20260102,054347,N,C080169592
2026-01-02 15:46:02 | DESCARTADA FECHA: 01
2026-01-02 15:46:02 | LINEA RAW [341]: 01,N,C,N,20260102,054347,N,C080169592
2026-01-02 15:46:02 | DESCARTADA FECHA: 01
2026-01-02 15:46:02 | LINEA RAW [342]: 01,N,C,N,20260102,054347,N,C080169592
2026-01-02 15:46:02 | DESCARTADA FECHA: 01
2026-01-02 15:46:02 | LINEA RAW [343]: 01,N,C,N,20260102,054352,N,C080160299
2026-01-02 15:46:02 | DESCARTADA FECHA: 01
2026-01-02 15:46:02 | LINEA RAW [344]: 01,N,C,N,20260102,054353,N,C080160299
2026-01-02 15:46:02 | DESCARTADA FECHA: 01
2026-01-02 15:46:02 | LINEA RAW [345]: 01,N,C,N,20260102,054357,N,C080129846
2026-01-02 15:46:02 | DESCARTADA FECHA: 01
2026-01-02 15:46:02 | LINEA RAW [346]: 01,N,C,N,20260102,054357,N,C080129846
2026-01-02 15:46:02 | DESCARTADA FECHA: 01
2026-01-02 15:46:02 | LINEA RAW [347]: 01,N,C,N,20260102,054357,N,C080129846
2026-01-02 15:46:02 | DESCARTADA FECHA: 01
2026-01-02 15:46:02 | LINEA RAW [348]: 01,N,C,N,20260102,054359,N,C080170196
2026-01-02 15:46:02 | DESCARTADA FECHA: 01
2026-01-02 15:46:02 | LINEA RAW [349]: 01,N,C,N,20260102,054400,N,C080170196
2026-01-02 15:46:02 | DESCARTADA FECHA: 01
2026-01-02 15:46:02 | LINEA RAW [350]: 01,N,C,N,20260102,054403,N,C080169725
2026-01-02 15:46:02 | DESCARTADA FECHA: 01
2026-01-02 15:46:02 | LINEA RAW [351]: 01,N,C,N,20260102,054403,N,C080169725
2026-01-02 15:46:02 | DESCARTADA FECHA: 01
2026-01-02 15:46:02 | LINEA RAW [352]: 01,N,C,N,20260102,054858,N,C080133986
2026-01-02 15:46:02 | DESCARTADA FECHA: 01
2026-01-02 15:46:02 | LINEA RAW [353]: 01,N,C,N,20260102,055005,N,C080145743
2026-01-02 15:46:02 | DESCARTADA FECHA: 01
2026-01-02 15:46:02 | LINEA RAW [354]: 01,N,C,N,20260102,055006,N,C080145743
2026-01-02 15:46:02 | DESCARTADA FECHA: 01
2026-01-02 15:46:02 | LINEA RAW [355]: 01,N,C,N,20260102,055006,N,C080145743
2026-01-02 15:46:02 | DESCARTADA FECHA: 01
2026-01-02 15:46:02 | LINEA RAW [356]: 01,N,C,N,20260102,055006,N,C080145743
2026-01-02 15:46:02 | DESCARTADA FECHA: 01
2026-01-02 15:46:02 | LINEA RAW [357]: 01,N,C,N,20260102,055013,N,C080142129
2026-01-02 15:46:02 | DESCARTADA FECHA: 01
2026-01-02 15:46:02 | LINEA RAW [358]: 01,N,C,N,20260102,055014,N,C080142129
2026-01-02 15:46:02 | DESCARTADA FECHA: 01
2026-01-02 15:46:02 | LINEA RAW [359]: 01,N,C,N,20260102,055014,N,C080142129
2026-01-02 15:46:02 | DESCARTADA FECHA: 01
2026-01-02 15:46:02 | LINEA RAW [360]: 01,N,C,N,20260102,055016,N,C080161922
2026-01-02 15:46:02 | DESCARTADA FECHA: 01
2026-01-02 15:46:02 | LINEA RAW [361]: 01,N,C,N,20260102,055023,N,C080136242
2026-01-02 15:46:02 | DESCARTADA FECHA: 01
2026-01-02 15:46:02 | LINEA RAW [362]: 01,N,C,N,20260102,055023,N,C080136242
2026-01-02 15:46:02 | DESCARTADA FECHA: 01
2026-01-02 15:46:02 | LINEA RAW [363]: 01,N,C,N,20260102,055023,N,C080136242
2026-01-02 15:46:02 | DESCARTADA FECHA: 01
2026-01-02 15:46:02 | LINEA RAW [364]: 01,N,C,N,20260102,055037,N,C080157353
2026-01-02 15:46:02 | DESCARTADA FECHA: 01
2026-01-02 15:46:02 | LINEA RAW [365]: 01,N,C,N,20260102,055037,N,C080157353
2026-01-02 15:46:02 | DESCARTADA FECHA: 01
2026-01-02 15:46:02 | LINEA RAW [366]: 01,N,C,N,20260102,060230,N,C052000079
2026-01-02 15:46:02 | DESCARTADA FECHA: 01
2026-01-02 15:46:02 | LINEA RAW [367]: 01,N,C,N,20260102,060231,N,C052000079
2026-01-02 15:46:02 | DESCARTADA FECHA: 01
2026-01-02 15:46:02 | LINEA RAW [368]: 02,N,C,N,20251231,155757,N,C080166005
2026-01-02 15:46:02 | DESCARTADA FECHA: 02
2026-01-02 15:46:02 | LINEA RAW [369]: 02,N,C,N,20251231,155758,N,C080166005
2026-01-02 15:46:02 | DESCARTADA FECHA: 02
2026-01-02 15:46:02 | LINEA RAW [370]: 02,N,C,N,20251231,155823,N,C080166136
2026-01-02 15:46:02 | DESCARTADA FECHA: 02
2026-01-02 15:46:02 | LINEA RAW [371]: 02,N,C,N,20251231,155823,N,C080166136
2026-01-02 15:46:02 | DESCARTADA FECHA: 02
2026-01-02 15:46:02 | LINEA RAW [372]: 02,N,C,N,20251231,155823,N,C080166136
2026-01-02 15:46:02 | DESCARTADA FECHA: 02
2026-01-02 15:46:02 | LINEA RAW [373]: 02,N,C,N,20251231,155835,N,C080169237
2026-01-02 15:46:02 | DESCARTADA FECHA: 02
2026-01-02 15:46:02 | LINEA RAW [374]: 02,N,C,N,20251231,155835,N,C080169237
2026-01-02 15:46:02 | DESCARTADA FECHA: 02
2026-01-02 15:46:02 | LINEA RAW [375]: 02,N,C,N,20251231,155835,N,C080169237
2026-01-02 15:46:02 | DESCARTADA FECHA: 02
2026-01-02 15:46:02 | LINEA RAW [376]: 02,N,C,N,20251231,155933,N,C080146757
2026-01-02 15:46:02 | DESCARTADA FECHA: 02
2026-01-02 15:46:02 | LINEA RAW [377]: 02,N,C,N,20251231,155933,N,C080146757
2026-01-02 15:46:02 | DESCARTADA FECHA: 02
2026-01-02 15:46:02 | LINEA RAW [378]: 02,N,C,N,20251231,155933,N,C080146757
2026-01-02 15:46:02 | DESCARTADA FECHA: 02
2026-01-02 15:46:02 | LINEA RAW [379]: 02,N,C,N,20251231,155933,N,C080146757
2026-01-02 15:46:02 | DESCARTADA FECHA: 02
2026-01-02 15:46:02 | LINEA RAW [380]: 02,N,C,N,20251231,160415,N,C080165367
2026-01-02 15:46:02 | DESCARTADA FECHA: 02
2026-01-02 15:46:02 | LINEA RAW [381]: 02,N,C,N,20251231,160415,N,C080165367
2026-01-02 15:46:02 | DESCARTADA FECHA: 02
2026-01-02 15:46:02 | LINEA RAW [382]: 02,N,C,N,20251231,160415,N,C080165367
2026-01-02 15:46:02 | DESCARTADA FECHA: 02
2026-01-02 15:46:02 | LINEA RAW [383]: 02,N,C,N,20251231,160800,N,C080164963
2026-01-02 15:46:02 | DESCARTADA FECHA: 02
2026-01-02 15:46:02 | LINEA RAW [384]: 02,N,C,N,20251231,160800,N,C080164963
2026-01-02 15:46:02 | DESCARTADA FECHA: 02
2026-01-02 15:46:02 | LINEA RAW [385]: 02,N,C,N,20251231,160801,N,C080164963
2026-01-02 15:46:02 | DESCARTADA FECHA: 02
2026-01-02 15:46:02 | LINEA RAW [386]: 02,N,C,N,20251231,160801,N,C080164963
2026-01-02 15:46:02 | DESCARTADA FECHA: 02
2026-01-02 15:46:02 | LINEA RAW [387]: 02,N,C,N,20251231,160801,N,C080164963
2026-01-02 15:46:02 | DESCARTADA FECHA: 02
2026-01-02 15:46:02 | LINEA RAW [388]: 02,N,C,N,20251231,160801,N,C080164963
2026-01-02 15:46:02 | DESCARTADA FECHA: 02
2026-01-02 15:46:02 | LINEA RAW [389]: 02,N,C,N,20251231,160801,N,C080164963
2026-01-02 15:46:02 | DESCARTADA FECHA: 02
2026-01-02 15:46:02 | LINEA RAW [390]: 02,N,C,N,20251231,160959,N,C080028993
2026-01-02 15:46:02 | DESCARTADA FECHA: 02
2026-01-02 15:46:02 | LINEA RAW [391]: 02,N,C,N,20251231,160959,N,C080028993
2026-01-02 15:46:02 | DESCARTADA FECHA: 02
2026-01-02 15:46:02 | LINEA RAW [392]: 02,N,C,N,20251231,161000,N,C080028993
2026-01-02 15:46:02 | DESCARTADA FECHA: 02
2026-01-02 15:46:02 | LINEA RAW [393]: 02,N,C,N,20251231,161003,N,C080165942
2026-01-02 15:46:02 | DESCARTADA FECHA: 02
2026-01-02 15:46:02 | LINEA RAW [394]: 02,N,C,N,20251231,161003,N,C080165942
2026-01-02 15:46:02 | DESCARTADA FECHA: 02
2026-01-02 15:46:02 | LINEA RAW [395]: 02,N,C,N,20251231,161003,N,C080165942
2026-01-02 15:46:02 | DESCARTADA FECHA: 02
2026-01-02 15:46:02 | LINEA RAW [396]: 02,N,C,N,20251231,161004,N,C080165942
2026-01-02 15:46:02 | DESCARTADA FECHA: 02
2026-01-02 15:46:02 | LINEA RAW [397]: 02,N,C,N,20251231,161004,N,C080165942
2026-01-02 15:46:02 | DESCARTADA FECHA: 02
2026-01-02 15:46:02 | LINEA RAW [398]: 02,N,C,N,20251231,161228,N,C080144591
2026-01-02 15:46:02 | DESCARTADA FECHA: 02
2026-01-02 15:46:02 | LINEA RAW [399]: 02,N,C,N,20251231,161228,N,C080144591
2026-01-02 15:46:02 | DESCARTADA FECHA: 02
2026-01-02 15:46:02 | LINEA RAW [400]: 02,N,C,N,20251231,161236,N,C080163387
2026-01-02 15:46:02 | DESCARTADA FECHA: 02
2026-01-02 15:46:02 | LINEA RAW [401]: 02,N,C,N,20251231,161237,N,C080163387
2026-01-02 15:46:02 | DESCARTADA FECHA: 02
2026-01-02 15:46:02 | LINEA RAW [402]: 02,N,C,N,20251231,161237,N,C080163387
2026-01-02 15:46:02 | DESCARTADA FECHA: 02
2026-01-02 15:46:02 | LINEA RAW [403]: 02,N,C,N,20251231,161240,N,C080169584
2026-01-02 15:46:02 | DESCARTADA FECHA: 02
2026-01-02 15:46:02 | LINEA RAW [404]: 02,N,C,N,20251231,161240,N,C080169584
2026-01-02 15:46:02 | DESCARTADA FECHA: 02
2026-01-02 15:46:02 | LINEA RAW [405]: 02,N,C,N,20251231,161243,N,C080169584
2026-01-02 15:46:02 | DESCARTADA FECHA: 02
2026-01-02 15:46:02 | LINEA RAW [406]: 02,N,C,N,20251231,161243,N,C080169584
2026-01-02 15:46:02 | DESCARTADA FECHA: 02
2026-01-02 15:46:02 | LINEA RAW [407]: 02,N,C,N,20251231,161243,N,C080169584
2026-01-02 15:46:02 | DESCARTADA FECHA: 02
2026-01-02 15:46:02 | LINEA RAW [408]: 02,N,C,N,20251231,161246,N,C080170094
2026-01-02 15:46:02 | DESCARTADA FECHA: 02
2026-01-02 15:46:02 | LINEA RAW [409]: 02,N,C,N,20251231,161247,N,C080170094
2026-01-02 15:46:02 | DESCARTADA FECHA: 02
2026-01-02 15:46:02 | LINEA RAW [410]: 02,N,C,N,20251231,161247,N,C080170094
2026-01-02 15:46:02 | DESCARTADA FECHA: 02
2026-01-02 15:46:02 | LINEA RAW [411]: 02,N,C,N,20251231,161251,N,C080167977
2026-01-02 15:46:02 | DESCARTADA FECHA: 02
2026-01-02 15:46:02 | LINEA RAW [412]: 02,N,C,N,20251231,161251,N,C080167977
2026-01-02 15:46:02 | DESCARTADA FECHA: 02
2026-01-02 15:46:02 | LINEA RAW [413]: 02,N,C,N,20251231,161252,N,C080167977
2026-01-02 15:46:02 | DESCARTADA FECHA: 02
2026-01-02 15:46:02 | LINEA RAW [414]: 02,N,C,N,20251231,161252,N,C080167977
2026-01-02 15:46:02 | DESCARTADA FECHA: 02
2026-01-02 15:46:02 | LINEA RAW [415]: 02,N,C,N,20251231,161252,N,C080167977
2026-01-02 15:46:02 | DESCARTADA FECHA: 02
2026-01-02 15:46:02 | LINEA RAW [416]: 02,N,C,N,20251231,161253,N,C080167977
2026-01-02 15:46:02 | DESCARTADA FECHA: 02
2026-01-02 15:46:02 | LINEA RAW [417]: 02,N,C,N,20251231,161254,N,C080165376
2026-01-02 15:46:02 | DESCARTADA FECHA: 02
2026-01-02 15:46:02 | LINEA RAW [418]: 02,N,C,N,20251231,161254,N,C080165376
2026-01-02 15:46:02 | DESCARTADA FECHA: 02
2026-01-02 15:46:02 | LINEA RAW [419]: 02,N,C,N,20251231,161255,N,C080165376
2026-01-02 15:46:02 | DESCARTADA FECHA: 02
2026-01-02 15:46:02 | LINEA RAW [420]: 02,N,C,N,20251231,161255,N,C080165376
2026-01-02 15:46:02 | DESCARTADA FECHA: 02
2026-01-02 15:46:02 | LINEA RAW [421]: 02,N,C,N,20251231,161255,N,C080165376
2026-01-02 15:46:02 | DESCARTADA FECHA: 02
2026-01-02 15:46:02 | LINEA RAW [422]: 02,N,C,N,20251231,161535,N,C080131637
2026-01-02 15:46:02 | DESCARTADA FECHA: 02
2026-01-02 15:46:02 | LINEA RAW [423]: 02,N,C,N,20251231,161535,N,C080131637
2026-01-02 15:46:02 | DESCARTADA FECHA: 02
2026-01-02 15:46:02 | LINEA RAW [424]: 02,N,C,N,20251231,161535,N,C080131637
2026-01-02 15:46:02 | DESCARTADA FECHA: 02
2026-01-02 15:46:02 | LINEA RAW [425]: 02,N,C,N,20251231,161625,N,C080167319
2026-01-02 15:46:02 | DESCARTADA FECHA: 02
2026-01-02 15:46:02 | LINEA RAW [426]: 02,N,C,N,20251231,162441,N,C080132362
2026-01-02 15:46:02 | DESCARTADA FECHA: 02
2026-01-02 15:46:02 | LINEA RAW [427]: 02,N,C,N,20251231,162441,N,C080132362
2026-01-02 15:46:02 | DESCARTADA FECHA: 02
2026-01-02 15:46:02 | LINEA RAW [428]: 02,N,C,N,20251231,162441,N,C080132362
2026-01-02 15:46:02 | DESCARTADA FECHA: 02
2026-01-02 15:46:02 | LINEA RAW [429]: 02,N,C,N,20251231,162630,N,C080132527
2026-01-02 15:46:02 | DESCARTADA FECHA: 02
2026-01-02 15:46:02 | LINEA RAW [430]: 02,N,C,N,20251231,162943,N,C054493401
2026-01-02 15:46:02 | DESCARTADA FECHA: 02
2026-01-02 15:46:02 | LINEA RAW [431]: 02,N,C,N,20251231,162944,N,C054493401
2026-01-02 15:46:02 | DESCARTADA FECHA: 02
2026-01-02 15:46:02 | LINEA RAW [432]: 02,N,C,N,20251231,163027,N,C080170148
2026-01-02 15:46:02 | DESCARTADA FECHA: 02
2026-01-02 15:46:02 | LINEA RAW [433]: 02,N,C,N,20251231,163030,N,C080168041
2026-01-02 15:46:02 | DESCARTADA FECHA: 02
2026-01-02 15:46:02 | LINEA RAW [434]: 02,N,C,N,20251231,163030,N,C080168041
2026-01-02 15:46:02 | DESCARTADA FECHA: 02
2026-01-02 15:46:02 | LINEA RAW [435]: 02,N,C,N,20251231,163031,N,C080148218
2026-01-02 15:46:02 | DESCARTADA FECHA: 02
2026-01-02 15:46:02 | LINEA RAW [436]: 02,N,C,N,20251231,163032,N,C080148218
2026-01-02 15:46:02 | DESCARTADA FECHA: 02
2026-01-02 15:46:02 | LINEA RAW [437]: 02,N,C,N,20251231,163032,N,C080148218
2026-01-02 15:46:02 | DESCARTADA FECHA: 02
2026-01-02 15:46:02 | LINEA RAW [438]: 02,N,C,N,20251231,163032,N,C080148218
2026-01-02 15:46:02 | DESCARTADA FECHA: 02
2026-01-02 15:46:02 | LINEA RAW [439]: 02,N,C,N,20251231,163034,N,C080168041
2026-01-02 15:46:02 | DESCARTADA FECHA: 02
2026-01-02 15:46:02 | LINEA RAW [440]: 02,N,C,N,20251231,163034,N,C080168041
2026-01-02 15:46:02 | DESCARTADA FECHA: 02
2026-01-02 15:46:02 | LINEA RAW [441]: 02,N,C,N,20251231,163046,N,C080133532
2026-01-02 15:46:02 | DESCARTADA FECHA: 02
2026-01-02 15:46:02 | LINEA RAW [442]: 02,N,C,N,20251231,163047,N,C080133532
2026-01-02 15:46:02 | DESCARTADA FECHA: 02
2026-01-02 15:46:02 | LINEA RAW [443]: 02,N,C,N,20251231,163747,N,C080162755
2026-01-02 15:46:02 | DESCARTADA FECHA: 02
2026-01-02 15:46:02 | LINEA RAW [444]: 02,N,C,N,20251231,163748,N,C080162755
2026-01-02 15:46:02 | DESCARTADA FECHA: 02
2026-01-02 15:46:02 | LINEA RAW [445]: 02,N,C,N,20251231,164338,N,C080132779
2026-01-02 15:46:02 | DESCARTADA FECHA: 02
2026-01-02 15:46:02 | LINEA RAW [446]: 02,N,C,N,20251231,164339,N,C080132779
2026-01-02 15:46:02 | DESCARTADA FECHA: 02
2026-01-02 15:46:02 | LINEA RAW [447]: 02,N,C,N,20251231,164501,N,C080168949
2026-01-02 15:46:02 | DESCARTADA FECHA: 02
2026-01-02 15:46:02 | LINEA RAW [448]: 02,N,C,N,20251231,164501,N,C080168949
2026-01-02 15:46:02 | DESCARTADA FECHA: 02
2026-01-02 15:46:02 | LINEA RAW [449]: 02,N,C,N,20251231,164501,N,C080168949
2026-01-02 15:46:02 | DESCARTADA FECHA: 02
2026-01-02 15:46:02 | LINEA RAW [450]: 02,N,C,N,20251231,164501,N,C080168949
2026-01-02 15:46:02 | DESCARTADA FECHA: 02
2026-01-02 15:46:02 | LINEA RAW [451]: 02,N,C,N,20251231,164502,N,C080168949
2026-01-02 15:46:02 | DESCARTADA FECHA: 02
2026-01-02 15:46:02 | LINEA RAW [452]: 02,N,C,N,20251231,164502,N,C080168949
2026-01-02 15:46:02 | DESCARTADA FECHA: 02
2026-01-02 15:46:02 | LINEA RAW [453]: 02,N,C,N,20251231,165238,N,C080170204
2026-01-02 15:46:02 | DESCARTADA FECHA: 02
2026-01-02 15:46:02 | LINEA RAW [454]: 02,N,C,N,20251231,165238,N,C080170204
2026-01-02 15:46:02 | DESCARTADA FECHA: 02
2026-01-02 15:46:02 | LINEA RAW [455]: 02,N,C,N,20251231,165239,N,C080170204
2026-01-02 15:46:02 | DESCARTADA FECHA: 02
2026-01-02 15:46:02 | LINEA RAW [456]: 02,N,C,N,20251231,165239,N,C080170204
2026-01-02 15:46:02 | DESCARTADA FECHA: 02
2026-01-02 15:46:02 | LINEA RAW [457]: 02,N,C,N,20251231,170002,N,C080130909
2026-01-02 15:46:02 | DESCARTADA FECHA: 02
2026-01-02 15:46:02 | LINEA RAW [458]: 02,N,C,N,20251231,170002,N,C080130909
2026-01-02 15:46:02 | DESCARTADA FECHA: 02
2026-01-02 15:46:02 | LINEA RAW [459]: 02,N,C,N,20251231,170002,N,C080130909
2026-01-02 15:46:02 | DESCARTADA FECHA: 02
2026-01-02 15:46:02 | LINEA RAW [460]: 02,N,C,N,20251231,170010,N,C080129497
2026-01-02 15:46:02 | DESCARTADA FECHA: 02
2026-01-02 15:46:02 | LINEA RAW [461]: 02,N,C,N,20251231,170010,N,C080129497
2026-01-02 15:46:02 | DESCARTADA FECHA: 02
2026-01-02 15:46:02 | LINEA RAW [462]: 02,N,C,N,20251231,170010,N,C080129497
2026-01-02 15:46:02 | DESCARTADA FECHA: 02
2026-01-02 15:46:02 | LINEA RAW [463]: 02,N,C,N,20251231,170150,N,C080146058
2026-01-02 15:46:02 | DESCARTADA FECHA: 02
2026-01-02 15:46:02 | LINEA RAW [464]: 02,N,C,N,20251231,170151,N,C080146058
2026-01-02 15:46:02 | DESCARTADA FECHA: 02
2026-01-02 15:46:02 | LINEA RAW [465]: 02,N,C,N,20251231,170151,N,C080146058
2026-01-02 15:46:02 | DESCARTADA FECHA: 02
2026-01-02 15:46:02 | LINEA RAW [466]: 02,N,C,N,20251231,170606,N,C080147088
2026-01-02 15:46:02 | DESCARTADA FECHA: 02
2026-01-02 15:46:02 | LINEA RAW [467]: 02,N,C,N,20251231,170606,N,C080147088
2026-01-02 15:46:02 | DESCARTADA FECHA: 02
2026-01-02 15:46:02 | LINEA RAW [468]: 02,N,C,N,20251231,170606,N,C080147088
2026-01-02 15:46:02 | DESCARTADA FECHA: 02
2026-01-02 15:46:02 | LINEA RAW [469]: 02,N,C,N,20251231,170643,N,C063405616
2026-01-02 15:46:02 | DESCARTADA FECHA: 02
2026-01-02 15:46:02 | LINEA RAW [470]: 02,N,C,N,20251231,170643,N,C063405616
2026-01-02 15:46:02 | DESCARTADA FECHA: 02
2026-01-02 15:46:02 | LINEA RAW [471]: 02,N,C,N,20251231,170643,N,C063405616
2026-01-02 15:46:02 | DESCARTADA FECHA: 02
2026-01-02 15:46:02 | LINEA RAW [472]: 02,N,C,N,20251231,170717,N,C080159976
2026-01-02 15:46:02 | DESCARTADA FECHA: 02
2026-01-02 15:46:02 | LINEA RAW [473]: 02,N,C,N,20251231,170718,N,C080159976
2026-01-02 15:46:02 | DESCARTADA FECHA: 02
2026-01-02 15:46:02 | LINEA RAW [474]: 02,N,C,N,20251231,170718,N,C080159976
2026-01-02 15:46:02 | DESCARTADA FECHA: 02
2026-01-02 15:46:02 | LINEA RAW [475]: 02,N,C,N,20251231,170812,N,C080158869
2026-01-02 15:46:02 | DESCARTADA FECHA: 02
2026-01-02 15:46:02 | LINEA RAW [476]: 02,N,C,N,20251231,170812,N,C080158869
2026-01-02 15:46:02 | DESCARTADA FECHA: 02
2026-01-02 15:46:02 | LINEA RAW [477]: 02,N,C,N,20251231,170812,N,C080158869
2026-01-02 15:46:02 | DESCARTADA FECHA: 02
2026-01-02 15:46:02 | LINEA RAW [478]: 02,N,C,N,20251231,170813,N,C080158869
2026-01-02 15:46:02 | DESCARTADA FECHA: 02
2026-01-02 15:46:02 | LINEA RAW [479]: 02,N,C,N,20251231,170813,N,C080158869
2026-01-02 15:46:02 | DESCARTADA FECHA: 02
2026-01-02 15:46:02 | LINEA RAW [480]: 02,N,C,N,20251231,170823,N,C080146047
2026-01-02 15:46:02 | DESCARTADA FECHA: 02
2026-01-02 15:46:02 | LINEA RAW [481]: 02,N,C,N,20251231,170823,N,C080146047
2026-01-02 15:46:02 | DESCARTADA FECHA: 02
2026-01-02 15:46:02 | LINEA RAW [482]: 02,N,C,N,20251231,170823,N,C080146047
2026-01-02 15:46:02 | DESCARTADA FECHA: 02
2026-01-02 15:46:02 | LINEA RAW [483]: 02,N,C,N,20251231,170917,N,C080129272
2026-01-02 15:46:02 | DESCARTADA FECHA: 02
2026-01-02 15:46:02 | LINEA RAW [484]: 02,N,C,N,20251231,170917,N,C080129272
2026-01-02 15:46:02 | DESCARTADA FECHA: 02
2026-01-02 15:46:02 | LINEA RAW [485]: 02,N,C,N,20251231,170917,N,C080129272
2026-01-02 15:46:02 | DESCARTADA FECHA: 02
2026-01-02 15:46:02 | LINEA RAW [486]: 02,N,C,N,20251231,170928,N,C068419526
2026-01-02 15:46:02 | DESCARTADA FECHA: 02
2026-01-02 15:46:02 | LINEA RAW [487]: 02,N,C,N,20251231,170929,N,C068419526
2026-01-02 15:46:02 | DESCARTADA FECHA: 02
2026-01-02 15:46:02 | LINEA RAW [488]: 02,N,C,N,20251231,171955,N,C080167262
2026-01-02 15:46:02 | DESCARTADA FECHA: 02
2026-01-02 15:46:02 | LINEA RAW [489]: 02,N,C,N,20251231,171955,N,C080167262
2026-01-02 15:46:02 | DESCARTADA FECHA: 02
2026-01-02 15:46:02 | LINEA RAW [490]: 02,N,C,N,20251231,171955,N,C080167262
2026-01-02 15:46:02 | DESCARTADA FECHA: 02
2026-01-02 15:46:02 | LINEA RAW [491]: 02,N,C,N,20251231,171955,N,C080167262
2026-01-02 15:46:02 | DESCARTADA FECHA: 02
2026-01-02 15:46:02 | LINEA RAW [492]: 02,N,C,N,20251231,171956,N,C080167262
2026-01-02 15:46:02 | DESCARTADA FECHA: 02
2026-01-02 15:46:02 | LINEA RAW [493]: 02,N,C,N,20251231,171956,N,C080167262
2026-01-02 15:46:02 | DESCARTADA FECHA: 02
2026-01-02 15:46:02 | LINEA RAW [494]: 02,N,C,N,20251231,171956,N,C080167262
2026-01-02 15:46:02 | DESCARTADA FECHA: 02
2026-01-02 15:46:02 | LINEA RAW [495]: 02,N,C,N,20251231,171956,N,C080167262
2026-01-02 15:46:02 | DESCARTADA FECHA: 02
2026-01-02 15:46:02 | LINEA RAW [496]: 02,N,C,N,20251231,171957,N,C080167262
2026-01-02 15:46:02 | DESCARTADA FECHA: 02
2026-01-02 15:46:02 | LINEA RAW [497]: 02,N,C,N,20251231,172157,N,C080167699
2026-01-02 15:46:02 | DESCARTADA FECHA: 02
2026-01-02 15:46:02 | LINEA RAW [498]: 02,N,C,N,20251231,172157,N,C080167699
2026-01-02 15:46:02 | DESCARTADA FECHA: 02
2026-01-02 15:46:02 | LINEA RAW [499]: 02,N,C,N,20251231,172158,N,C080167699
2026-01-02 15:46:02 | DESCARTADA FECHA: 02
2026-01-02 15:46:02 | LINEA RAW [500]: 02,N,C,N,20251231,172158,N,C080167699
2026-01-02 15:46:02 | DESCARTADA FECHA: 02
2026-01-02 15:46:02 | LINEA RAW [501]: 02,N,C,N,20251231,172158,N,C080167699
2026-01-02 15:46:02 | DESCARTADA FECHA: 02
2026-01-02 15:46:02 | LINEA RAW [502]: 02,N,C,N,20251231,173857,N,C080146731
2026-01-02 15:46:02 | DESCARTADA FECHA: 02
2026-01-02 15:46:02 | LINEA RAW [503]: 02,N,C,N,20251231,173857,N,C080146731
2026-01-02 15:46:02 | DESCARTADA FECHA: 02
2026-01-02 15:46:02 | LINEA RAW [504]: 02,N,C,N,20251231,173857,N,C080146731
2026-01-02 15:46:02 | DESCARTADA FECHA: 02
2026-01-02 15:46:02 | LINEA RAW [505]: 02,N,C,N,20251231,173857,N,C080146731
2026-01-02 15:46:02 | DESCARTADA FECHA: 02
2026-01-02 15:46:02 | LINEA RAW [506]: 02,N,C,N,20251231,173858,N,C080146731
2026-01-02 15:46:02 | DESCARTADA FECHA: 02
2026-01-02 15:46:02 | LINEA RAW [507]: 02,N,C,N,20251231,173858,N,C080146731
2026-01-02 15:46:02 | DESCARTADA FECHA: 02
2026-01-02 15:46:02 | LINEA RAW [508]: 02,N,C,N,20251231,173858,N,C080146731
2026-01-02 15:46:02 | DESCARTADA FECHA: 02
2026-01-02 15:46:02 | LINEA RAW [509]: 02,N,C,N,20251231,175027,N,C080170026
2026-01-02 15:46:02 | DESCARTADA FECHA: 02
2026-01-02 15:46:02 | LINEA RAW [510]: 02,N,C,N,20251231,175027,N,C080170026
2026-01-02 15:46:02 | DESCARTADA FECHA: 02
2026-01-02 15:46:02 | LINEA RAW [511]: 02,N,C,N,20251231,175027,N,C080170026
2026-01-02 15:46:02 | DESCARTADA FECHA: 02
2026-01-02 15:46:02 | LINEA RAW [512]: 02,N,C,N,20251231,175028,N,C080170026
2026-01-02 15:46:02 | DESCARTADA FECHA: 02
2026-01-02 15:46:02 | LINEA RAW [513]: 02,N,C,N,20251231,180032,N,C080163009
2026-01-02 15:46:02 | DESCARTADA FECHA: 02
2026-01-02 15:46:02 | LINEA RAW [514]: 02,N,C,N,20251231,180032,N,C080163009
2026-01-02 15:46:02 | DESCARTADA FECHA: 02
2026-01-02 15:46:02 | LINEA RAW [515]: 02,N,C,N,20251231,180032,N,C080163009
2026-01-02 15:46:02 | DESCARTADA FECHA: 02
2026-01-02 15:46:02 | LINEA RAW [516]: 02,N,C,N,20251231,180039,N,C080169247
2026-01-02 15:46:02 | DESCARTADA FECHA: 02
2026-01-02 15:46:02 | LINEA RAW [517]: 02,N,C,N,20251231,180040,N,C080169247
2026-01-02 15:46:02 | DESCARTADA FECHA: 02
2026-01-02 15:46:02 | LINEA RAW [518]: 02,N,C,N,20251231,180040,N,C080169247
2026-01-02 15:46:02 | DESCARTADA FECHA: 02
2026-01-02 15:46:02 | LINEA RAW [519]: 02,N,C,N,20251231,180041,N,C080169247
2026-01-02 15:46:02 | DESCARTADA FECHA: 02
2026-01-02 15:46:02 | LINEA RAW [520]: 02,N,C,N,20251231,180041,N,C080169247
2026-01-02 15:46:02 | DESCARTADA FECHA: 02
2026-01-02 15:46:02 | LINEA RAW [521]: 02,N,C,N,20251231,180041,N,C080169247
2026-01-02 15:46:02 | DESCARTADA FECHA: 02
2026-01-02 15:46:02 | LINEA RAW [522]: 02,N,C,N,20251231,180201,N,C080167711
2026-01-02 15:46:03 | DESCARTADA FECHA: 02
2026-01-02 15:46:03 | LINEA RAW [523]: 02,N,C,N,20251231,180201,N,C080167711
2026-01-02 15:46:03 | DESCARTADA FECHA: 02
2026-01-02 15:46:03 | LINEA RAW [524]: 02,N,C,N,20251231,180201,N,C080167711
2026-01-02 15:46:03 | DESCARTADA FECHA: 02
2026-01-02 15:46:03 | LINEA RAW [525]: 02,N,C,N,20251231,181239,N,C061404726
2026-01-02 15:46:03 | DESCARTADA FECHA: 02
2026-01-02 15:46:03 | LINEA RAW [526]: 02,N,C,N,20251231,181239,N,C061404726
2026-01-02 15:46:03 | DESCARTADA FECHA: 02
2026-01-02 15:46:03 | LINEA RAW [527]: 02,N,C,N,20251231,181240,N,C061404726
2026-01-02 15:46:03 | DESCARTADA FECHA: 02
2026-01-02 15:46:03 | LINEA RAW [528]: 02,N,C,N,20251231,181606,N,C080128834
2026-01-02 15:46:03 | DESCARTADA FECHA: 02
2026-01-02 15:46:03 | LINEA RAW [529]: 02,N,C,N,20251231,181606,N,C080128834
2026-01-02 15:46:03 | DESCARTADA FECHA: 02
2026-01-02 15:46:03 | LINEA RAW [530]: 02,N,C,N,20251231,181606,N,C080128834
2026-01-02 15:46:03 | DESCARTADA FECHA: 02
2026-01-02 15:46:03 | LINEA RAW [531]: 02,N,C,N,20251231,181607,N,C080128834
2026-01-02 15:46:03 | DESCARTADA FECHA: 02
2026-01-02 15:46:03 | LINEA RAW [532]: 02,N,C,N,20251231,181607,N,C080128834
2026-01-02 15:46:03 | DESCARTADA FECHA: 02
2026-01-02 15:46:03 | LINEA RAW [533]: 02,N,C,N,20251231,183632,N,C080132972
2026-01-02 15:46:03 | DESCARTADA FECHA: 02
2026-01-02 15:46:03 | LINEA RAW [534]: 02,N,C,N,20251231,183632,N,C080132972
2026-01-02 15:46:03 | DESCARTADA FECHA: 02
2026-01-02 15:46:03 | LINEA RAW [535]: 02,N,C,N,20251231,213445,N,C080146415
2026-01-02 15:46:03 | DESCARTADA FECHA: 02
2026-01-02 15:46:03 | LINEA RAW [536]: 02,N,C,N,20260102,053123,N,C052000005
2026-01-02 15:46:03 | DESCARTADA FECHA: 02
2026-01-02 15:46:03 | LINEA RAW [537]: 02,N,C,N,20260102,053124,N,C052000005
2026-01-02 15:46:03 | DESCARTADA FECHA: 02
2026-01-02 15:46:03 | LINEA RAW [538]: 02,N,C,N,20260102,053124,N,C052000005
2026-01-02 15:46:03 | DESCARTADA FECHA: 02
2026-01-02 15:46:03 | LINEA RAW [539]: 02,N,C,N,20260102,053233,N,C080133257
2026-01-02 15:46:03 | DESCARTADA FECHA: 02
2026-01-02 15:46:03 | LINEA RAW [540]: 02,N,C,N,20260102,053237,N,C052000016
2026-01-02 15:46:03 | DESCARTADA FECHA: 02
2026-01-02 15:46:03 | LINEA RAW [541]: 02,N,C,N,20260102,053237,N,C052000016
2026-01-02 15:46:03 | DESCARTADA FECHA: 02
2026-01-02 15:46:03 | LINEA RAW [542]: 02,N,C,N,20260102,053618,N,C080132787
2026-01-02 15:46:03 | DESCARTADA FECHA: 02
2026-01-02 15:46:03 | LINEA RAW [543]: 02,N,C,N,20260102,053619,N,C080132787
2026-01-02 15:46:03 | DESCARTADA FECHA: 02
2026-01-02 15:46:03 | LINEA RAW [544]: 02,N,C,N,20260102,053619,N,C080132787
2026-01-02 15:46:03 | DESCARTADA FECHA: 02
2026-01-02 15:46:03 | LINEA RAW [545]: 02,N,C,N,20260102,053621,N,C080132694
2026-01-02 15:46:03 | DESCARTADA FECHA: 02
2026-01-02 15:46:03 | LINEA RAW [546]: 02,N,C,N,20260102,053621,N,C080132694
2026-01-02 15:46:03 | DESCARTADA FECHA: 02
2026-01-02 15:46:03 | LINEA RAW [547]: 02,N,C,N,20260102,053742,N,C080163047
2026-01-02 15:46:03 | DESCARTADA FECHA: 02
2026-01-02 15:46:03 | LINEA RAW [548]: 02,N,C,N,20260102,053743,N,C080163047
2026-01-02 15:46:03 | DESCARTADA FECHA: 02
2026-01-02 15:46:03 | LINEA RAW [549]: 02,N,C,N,20260102,053759,N,C080132769
2026-01-02 15:46:03 | DESCARTADA FECHA: 02
2026-01-02 15:46:03 | LINEA RAW [550]: 02,N,C,N,20260102,053759,N,C080132769
2026-01-02 15:46:03 | DESCARTADA FECHA: 02
2026-01-02 15:46:03 | LINEA RAW [551]: 02,N,C,N,20260102,053759,N,C080132769
2026-01-02 15:46:03 | DESCARTADA FECHA: 02
2026-01-02 15:46:03 | LINEA RAW [552]: 02,N,C,N,20260102,053802,N,C080170191
2026-01-02 15:46:03 | DESCARTADA FECHA: 02
2026-01-02 15:46:03 | LINEA RAW [553]: 02,N,C,N,20260102,053803,N,C080170191
2026-01-02 15:46:03 | DESCARTADA FECHA: 02
2026-01-02 15:46:03 | LINEA RAW [554]: 02,N,C,N,20260102,053805,N,C080130127
2026-01-02 15:46:03 | DESCARTADA FECHA: 02
2026-01-02 15:46:03 | LINEA RAW [555]: 02,N,C,N,20260102,053805,N,C080130127
2026-01-02 15:46:03 | DESCARTADA FECHA: 02
2026-01-02 15:46:03 | LINEA RAW [556]: 02,N,C,N,20260102,053805,N,C080130127
2026-01-02 15:46:03 | DESCARTADA FECHA: 02
2026-01-02 15:46:03 | LINEA RAW [557]: 02,N,C,N,20260102,053806,N,C080130127
2026-01-02 15:46:03 | DESCARTADA FECHA: 02
2026-01-02 15:46:03 | LINEA RAW [558]: 02,N,C,N,20260102,053813,N,C080166089
2026-01-02 15:46:03 | DESCARTADA FECHA: 02
2026-01-02 15:46:03 | LINEA RAW [559]: 02,N,C,N,20260102,053814,N,C080166089
2026-01-02 15:46:03 | DESCARTADA FECHA: 02
2026-01-02 15:46:03 | LINEA RAW [560]: 02,N,C,N,20260102,053814,N,C080166089
2026-01-02 15:46:03 | DESCARTADA FECHA: 02
2026-01-02 15:46:03 | LINEA RAW [561]: 02,N,C,N,20260102,053814,N,C080166089
2026-01-02 15:46:03 | DESCARTADA FECHA: 02
2026-01-02 15:46:03 | LINEA RAW [562]: 02,N,C,N,20260102,053824,N,C080163955
2026-01-02 15:46:03 | DESCARTADA FECHA: 02
2026-01-02 15:46:03 | LINEA RAW [563]: 02,N,C,N,20260102,053824,N,C080163955
2026-01-02 15:46:03 | DESCARTADA FECHA: 02
2026-01-02 15:46:03 | LINEA RAW [564]: 02,N,C,N,20260102,053825,N,C080163955
2026-01-02 15:46:03 | DESCARTADA FECHA: 02
2026-01-02 15:46:03 | LINEA RAW [565]: 02,N,C,N,20260102,053825,N,C080163955
2026-01-02 15:46:03 | DESCARTADA FECHA: 02
2026-01-02 15:46:03 | LINEA RAW [566]: 02,N,C,N,20260102,053828,N,C080163421
2026-01-02 15:46:03 | DESCARTADA FECHA: 02
2026-01-02 15:46:03 | LINEA RAW [567]: 02,N,C,N,20260102,053828,N,C080163421
2026-01-02 15:46:03 | DESCARTADA FECHA: 02
2026-01-02 15:46:03 | LINEA RAW [568]: 02,N,C,N,20260102,053828,N,C080163421
2026-01-02 15:46:03 | DESCARTADA FECHA: 02
2026-01-02 15:46:03 | LINEA RAW [569]: 02,N,C,N,20260102,053832,N,C080170185
2026-01-02 15:46:03 | DESCARTADA FECHA: 02
2026-01-02 15:46:03 | LINEA RAW [570]: 02,N,C,N,20260102,053832,N,C080170185
2026-01-02 15:46:03 | DESCARTADA FECHA: 02
2026-01-02 15:46:03 | LINEA RAW [571]: 02,N,C,N,20260102,053832,N,C080170185
2026-01-02 15:46:03 | DESCARTADA FECHA: 02
2026-01-02 15:46:03 | LINEA RAW [572]: 02,N,C,N,20260102,053834,N,C080129007
2026-01-02 15:46:03 | DESCARTADA FECHA: 02
2026-01-02 15:46:03 | LINEA RAW [573]: 02,N,C,N,20260102,053834,N,C080129007
2026-01-02 15:46:03 | DESCARTADA FECHA: 02
2026-01-02 15:46:03 | LINEA RAW [574]: 02,N,C,N,20260102,053835,N,C080129007
2026-01-02 15:46:03 | DESCARTADA FECHA: 02
2026-01-02 15:46:03 | LINEA RAW [575]: 02,N,C,N,20260102,053837,N,C080163457
2026-01-02 15:46:03 | DESCARTADA FECHA: 02
2026-01-02 15:46:03 | LINEA RAW [576]: 02,N,C,N,20260102,053837,N,C080163457
2026-01-02 15:46:03 | DESCARTADA FECHA: 02
2026-01-02 15:46:03 | LINEA RAW [577]: 02,N,C,N,20260102,053837,N,C080163457
2026-01-02 15:46:03 | DESCARTADA FECHA: 02
2026-01-02 15:46:03 | LINEA RAW [578]: 02,N,C,N,20260102,053840,N,C080145756
2026-01-02 15:46:03 | DESCARTADA FECHA: 02
2026-01-02 15:46:03 | LINEA RAW [579]: 02,N,C,N,20260102,053840,N,C080145756
2026-01-02 15:46:03 | DESCARTADA FECHA: 02
2026-01-02 15:46:03 | LINEA RAW [580]: 02,N,C,N,20260102,053841,N,C080145756
2026-01-02 15:46:03 | DESCARTADA FECHA: 02
2026-01-02 15:46:03 | LINEA RAW [581]: 02,N,C,N,20260102,053846,N,C080169598
2026-01-02 15:46:03 | DESCARTADA FECHA: 02
2026-01-02 15:46:03 | LINEA RAW [582]: 02,N,C,N,20260102,053846,N,C080169598
2026-01-02 15:46:03 | DESCARTADA FECHA: 02
2026-01-02 15:46:03 | LINEA RAW [583]: 02,N,C,N,20260102,053846,N,C080169598
2026-01-02 15:46:03 | DESCARTADA FECHA: 02
2026-01-02 15:46:03 | LINEA RAW [584]: 02,N,C,N,20260102,053846,N,C080169598
2026-01-02 15:46:03 | DESCARTADA FECHA: 02
2026-01-02 15:46:03 | LINEA RAW [585]: 02,N,C,N,20260102,053853,N,C080166653
2026-01-02 15:46:03 | DESCARTADA FECHA: 02
2026-01-02 15:46:03 | LINEA RAW [586]: 02,N,C,N,20260102,053853,N,C080166653
2026-01-02 15:46:03 | DESCARTADA FECHA: 02
2026-01-02 15:46:03 | LINEA RAW [587]: 02,N,C,N,20260102,054018,N,C080163891
2026-01-02 15:46:03 | DESCARTADA FECHA: 02
2026-01-02 15:46:03 | LINEA RAW [588]: 02,N,C,N,20260102,054019,N,C080163891
2026-01-02 15:46:03 | DESCARTADA FECHA: 02
2026-01-02 15:46:03 | LINEA RAW [589]: 02,N,C,N,20260102,054019,N,C080163891
2026-01-02 15:46:03 | DESCARTADA FECHA: 02
2026-01-02 15:46:03 | LINEA RAW [590]: 02,N,C,N,20260102,054025,N,C080165346
2026-01-02 15:46:03 | DESCARTADA FECHA: 02
2026-01-02 15:46:03 | LINEA RAW [591]: 02,N,C,N,20260102,054026,N,C080165346
2026-01-02 15:46:03 | DESCARTADA FECHA: 02
2026-01-02 15:46:03 | LINEA RAW [592]: 02,N,C,N,20260102,054026,N,C080165346
2026-01-02 15:46:03 | DESCARTADA FECHA: 02
2026-01-02 15:46:03 | LINEA RAW [593]: 02,N,C,N,20260102,054028,N,C080163467
2026-01-02 15:46:03 | DESCARTADA FECHA: 02
2026-01-02 15:46:03 | LINEA RAW [594]: 02,N,C,N,20260102,054029,N,C080163467
2026-01-02 15:46:03 | DESCARTADA FECHA: 02
2026-01-02 15:46:03 | LINEA RAW [595]: 02,N,C,N,20260102,054029,N,C080163467
2026-01-02 15:46:03 | DESCARTADA FECHA: 02
2026-01-02 15:46:03 | LINEA RAW [596]: 02,N,C,N,20260102,054029,N,C080163467
2026-01-02 15:46:03 | DESCARTADA FECHA: 02
2026-01-02 15:46:03 | LINEA RAW [597]: 02,N,C,N,20260102,054029,N,C080163467
2026-01-02 15:46:03 | DESCARTADA FECHA: 02
2026-01-02 15:46:03 | LINEA RAW [598]: 02,N,C,N,20260102,054036,N,C080133676
2026-01-02 15:46:03 | DESCARTADA FECHA: 02
2026-01-02 15:46:03 | LINEA RAW [599]: 02,N,C,N,20260102,054036,N,C080133676
2026-01-02 15:46:03 | DESCARTADA FECHA: 02
2026-01-02 15:46:03 | LINEA RAW [600]: 02,N,C,N,20260102,054037,N,C080133676
2026-01-02 15:46:03 | DESCARTADA FECHA: 02
2026-01-02 15:46:03 | LINEA RAW [601]: 02,N,C,N,20260102,054051,N,C080162478
2026-01-02 15:46:03 | DESCARTADA FECHA: 02
2026-01-02 15:46:03 | LINEA RAW [602]: 02,N,C,N,20260102,054059,N,C080168969
2026-01-02 15:46:03 | DESCARTADA FECHA: 02
2026-01-02 15:46:03 | LINEA RAW [603]: 02,N,C,N,20260102,054059,N,C080168969
2026-01-02 15:46:03 | DESCARTADA FECHA: 02
2026-01-02 15:46:03 | LINEA RAW [604]: 02,N,C,N,20260102,054100,N,C080168969
2026-01-02 15:46:03 | DESCARTADA FECHA: 02
2026-01-02 15:46:03 | LINEA RAW [605]: 02,N,C,N,20260102,054102,N,C052000061
2026-01-02 15:46:03 | DESCARTADA FECHA: 02
2026-01-02 15:46:03 | LINEA RAW [606]: 02,N,C,N,20260102,054103,N,C052000061
2026-01-02 15:46:03 | DESCARTADA FECHA: 02
2026-01-02 15:46:03 | LINEA RAW [607]: 02,N,C,N,20260102,054103,N,C052000061
2026-01-02 15:46:03 | DESCARTADA FECHA: 02
2026-01-02 15:46:03 | LINEA RAW [608]: 02,N,C,N,20260102,054103,N,C052000061
2026-01-02 15:46:03 | DESCARTADA FECHA: 02
2026-01-02 15:46:03 | LINEA RAW [609]: 02,N,C,N,20260102,054104,N,C052000061
2026-01-02 15:46:03 | DESCARTADA FECHA: 02
2026-01-02 15:46:03 | LINEA RAW [610]: 02,N,C,N,20260102,054109,N,C080169605
2026-01-02 15:46:03 | DESCARTADA FECHA: 02
2026-01-02 15:46:03 | LINEA RAW [611]: 02,N,C,N,20260102,054109,N,C080169605
2026-01-02 15:46:03 | DESCARTADA FECHA: 02
2026-01-02 15:46:03 | LINEA RAW [612]: 02,N,C,N,20260102,054110,N,C080169605
2026-01-02 15:46:03 | DESCARTADA FECHA: 02
2026-01-02 15:46:03 | LINEA RAW [613]: 02,N,C,N,20260102,054110,N,C080169605
2026-01-02 15:46:03 | DESCARTADA FECHA: 02
2026-01-02 15:46:03 | LINEA RAW [614]: 02,N,C,N,20260102,054116,N,C080146419
2026-01-02 15:46:03 | DESCARTADA FECHA: 02
2026-01-02 15:46:03 | LINEA RAW [615]: 02,N,C,N,20260102,054117,N,C080146419
2026-01-02 15:46:03 | DESCARTADA FECHA: 02
2026-01-02 15:46:03 | LINEA RAW [616]: 02,N,C,N,20260102,054117,N,C080146419
2026-01-02 15:46:03 | DESCARTADA FECHA: 02
2026-01-02 15:46:03 | LINEA RAW [617]: 02,N,C,N,20260102,054117,N,C080146419
2026-01-02 15:46:03 | DESCARTADA FECHA: 02
2026-01-02 15:46:03 | LINEA RAW [618]: 02,N,C,N,20260102,054157,N,C080133240
2026-01-02 15:46:03 | DESCARTADA FECHA: 02
2026-01-02 15:46:03 | LINEA RAW [619]: 02,N,C,N,20260102,054200,N,C080133240
2026-01-02 15:46:03 | DESCARTADA FECHA: 02
2026-01-02 15:46:03 | LINEA RAW [620]: 02,N,C,N,20260102,054259,N,C080145990
2026-01-02 15:46:03 | DESCARTADA FECHA: 02
2026-01-02 15:46:03 | LINEA RAW [621]: 02,N,C,N,20260102,054300,N,C080145990
2026-01-02 15:46:03 | DESCARTADA FECHA: 02
2026-01-02 15:46:03 | LINEA RAW [622]: 02,N,C,N,20260102,054300,N,C080145990
2026-01-02 15:46:03 | DESCARTADA FECHA: 02
2026-01-02 15:46:03 | LINEA RAW [623]: 02,N,C,N,20260102,054407,N,C080132768
2026-01-02 15:46:03 | DESCARTADA FECHA: 02
2026-01-02 15:46:03 | LINEA RAW [624]: 02,N,C,N,20260102,054408,N,C080132768
2026-01-02 15:46:03 | DESCARTADA FECHA: 02
2026-01-02 15:46:03 | LINEA RAW [625]: 02,N,C,N,20260102,054408,N,C080132768
2026-01-02 15:46:03 | DESCARTADA FECHA: 02
2026-01-02 15:46:03 | LINEA RAW [626]: 02,N,C,N,20260102,055047,N,C060428854
2026-01-02 15:46:03 | DESCARTADA FECHA: 02
2026-01-02 15:46:03 | LINEA RAW [627]: 02,N,C,N,20260102,055048,N,C060428854
2026-01-02 15:46:03 | DESCARTADA FECHA: 02
2026-01-02 15:46:03 | LINEA RAW [628]: 02,N,C,N,20260102,055048,N,C060428854
2026-01-02 15:46:03 | DESCARTADA FECHA: 02
2026-01-02 15:46:03 | LINEA RAW [629]: 02,N,C,N,20260102,060356,N,C080170206
2026-01-02 15:46:03 | DESCARTADA FECHA: 02
2026-01-02 15:46:03 | LINEA RAW [630]: 02,N,C,N,20260102,060359,N,C080170206
2026-01-02 15:46:03 | DESCARTADA FECHA: 02
2026-01-02 15:46:03 | LINEA RAW [631]: 02,N,C,N,20260102,060401,N,C080132417
2026-01-02 15:46:03 | DESCARTADA FECHA: 02
2026-01-02 15:46:03 | LINEA RAW [632]: 02,N,C,N,20260102,060402,N,C080132417
2026-01-02 15:46:03 | DESCARTADA FECHA: 02
2026-01-02 15:46:03 | LINEA RAW [633]: 02,N,C,N,20260102,060554,N,C080169599
2026-01-02 15:46:03 | DESCARTADA FECHA: 02
2026-01-02 15:46:03 | LINEA RAW [634]: 02,N,C,N,20260102,060601,N,C080129854
2026-01-02 15:46:03 | DESCARTADA FECHA: 02
2026-01-02 15:46:03 | LINEA RAW [635]: 02,N,C,N,20260102,060601,N,C080129854
2026-01-02 15:46:03 | DESCARTADA FECHA: 02
2026-01-02 15:46:03 | LINEA RAW [636]: 02,N,C,N,20260102,060923,N,C080168968
2026-01-02 15:46:03 | DESCARTADA FECHA: 02
2026-01-02 15:46:03 | LINEA RAW [637]: 02,N,C,N,20260102,060924,N,C080168955
2026-01-02 15:46:03 | DESCARTADA FECHA: 02
2026-01-02 15:46:03 | LINEA RAW [638]: 03,N,C,N,20251231,160518,N,C080130715
2026-01-02 15:46:03 | DESCARTADA FECHA: 03
2026-01-02 15:46:03 | LINEA RAW [639]: 03,N,C,N,20251231,160518,N,C080130715
2026-01-02 15:46:03 | DESCARTADA FECHA: 03
2026-01-02 15:46:03 | LINEA RAW [640]: 03,N,C,N,20251231,160523,N,C080165136
2026-01-02 15:46:03 | DESCARTADA FECHA: 03
2026-01-02 15:46:03 | LINEA RAW [641]: 03,N,C,N,20251231,160523,N,C080165136
2026-01-02 15:46:03 | DESCARTADA FECHA: 03
2026-01-02 15:46:03 | LINEA RAW [642]: 03,N,C,N,20251231,160524,N,C080165136
2026-01-02 15:46:03 | DESCARTADA FECHA: 03
2026-01-02 15:46:03 | LINEA RAW [643]: 03,N,C,N,20251231,160527,N,C080169405
2026-01-02 15:46:03 | DESCARTADA FECHA: 03
2026-01-02 15:46:03 | LINEA RAW [644]: 03,N,C,N,20251231,160527,N,C080169405
2026-01-02 15:46:03 | DESCARTADA FECHA: 03
2026-01-02 15:46:03 | LINEA RAW [645]: 03,N,C,N,20251231,160527,N,C080169405
2026-01-02 15:46:03 | DESCARTADA FECHA: 03
2026-01-02 15:46:03 | LINEA RAW [646]: 03,N,C,N,20251231,160535,N,C080167210
2026-01-02 15:46:03 | DESCARTADA FECHA: 03
2026-01-02 15:46:03 | LINEA RAW [647]: 03,N,C,N,20251231,160535,N,C080167210
2026-01-02 15:46:03 | DESCARTADA FECHA: 03
2026-01-02 15:46:03 | LINEA RAW [648]: 03,N,C,N,20251231,160535,N,C080167210
2026-01-02 15:46:03 | DESCARTADA FECHA: 03
2026-01-02 15:46:03 | LINEA RAW [649]: 03,N,C,N,20251231,160551,N,C080133525
2026-01-02 15:46:03 | DESCARTADA FECHA: 03
2026-01-02 15:46:03 | LINEA RAW [650]: 03,N,C,N,20251231,160551,N,C080133525
2026-01-02 15:46:03 | DESCARTADA FECHA: 03
2026-01-02 15:46:03 | LINEA RAW [651]: 03,N,C,N,20251231,160551,N,C080133525
2026-01-02 15:46:03 | DESCARTADA FECHA: 03
2026-01-02 15:46:03 | LINEA RAW [652]: 03,N,C,N,20251231,160904,N,C080162881
2026-01-02 15:46:03 | DESCARTADA FECHA: 03
2026-01-02 15:46:03 | LINEA RAW [653]: 03,N,C,N,20251231,160904,N,C080162881
2026-01-02 15:46:03 | DESCARTADA FECHA: 03
2026-01-02 15:46:03 | LINEA RAW [654]: 03,N,C,N,20251231,160908,N,C080158866
2026-01-02 15:46:03 | DESCARTADA FECHA: 03
2026-01-02 15:46:03 | LINEA RAW [655]: 03,N,C,N,20251231,160909,N,C080158866
2026-01-02 15:46:03 | DESCARTADA FECHA: 03
2026-01-02 15:46:03 | LINEA RAW [656]: 03,N,C,N,20251231,160909,N,C080158866
2026-01-02 15:46:03 | DESCARTADA FECHA: 03
2026-01-02 15:46:03 | LINEA RAW [657]: 03,N,C,N,20251231,160913,N,C080162756
2026-01-02 15:46:03 | DESCARTADA FECHA: 03
2026-01-02 15:46:03 | LINEA RAW [658]: 03,N,C,N,20251231,160913,N,C080162756
2026-01-02 15:46:03 | DESCARTADA FECHA: 03
2026-01-02 15:46:03 | LINEA RAW [659]: 03,N,C,N,20251231,160914,N,C080162756
2026-01-02 15:46:03 | DESCARTADA FECHA: 03
2026-01-02 15:46:03 | LINEA RAW [660]: 03,N,C,N,20251231,160914,N,C080162756
2026-01-02 15:46:03 | DESCARTADA FECHA: 03
2026-01-02 15:46:03 | LINEA RAW [661]: 03,N,C,N,20251231,160914,N,C080162756
2026-01-02 15:46:03 | DESCARTADA FECHA: 03
2026-01-02 15:46:03 | LINEA RAW [662]: 03,N,C,N,20251231,160914,N,C080162756
2026-01-02 15:46:03 | DESCARTADA FECHA: 03
2026-01-02 15:46:03 | LINEA RAW [663]: 03,N,C,N,20251231,160915,N,C080162756
2026-01-02 15:46:03 | DESCARTADA FECHA: 03
2026-01-02 15:46:03 | LINEA RAW [664]: 03,N,C,N,20251231,160923,N,C080168946
2026-01-02 15:46:03 | DESCARTADA FECHA: 03
2026-01-02 15:46:03 | LINEA RAW [665]: 03,N,C,N,20251231,160923,N,C080168946
2026-01-02 15:46:03 | DESCARTADA FECHA: 03
2026-01-02 15:46:03 | LINEA RAW [666]: 03,N,C,N,20251231,160923,N,C080168946
2026-01-02 15:46:03 | DESCARTADA FECHA: 03
2026-01-02 15:46:03 | LINEA RAW [667]: 03,N,C,N,20251231,161222,N,C080131618
2026-01-02 15:46:03 | DESCARTADA FECHA: 03
2026-01-02 15:46:03 | LINEA RAW [668]: 03,N,C,N,20251231,161222,N,C080131618
2026-01-02 15:46:03 | DESCARTADA FECHA: 03
2026-01-02 15:46:03 | LINEA RAW [669]: 03,N,C,N,20251231,161223,N,C080131618
2026-01-02 15:46:03 | DESCARTADA FECHA: 03
2026-01-02 15:46:03 | LINEA RAW [670]: 03,N,C,N,20251231,161223,N,C080131618
2026-01-02 15:46:03 | DESCARTADA FECHA: 03
2026-01-02 15:46:03 | LINEA RAW [671]: 03,N,C,N,20251231,161223,N,C080131618
2026-01-02 15:46:03 | DESCARTADA FECHA: 03
2026-01-02 15:46:03 | LINEA RAW [672]: 03,N,C,N,20251231,161231,N,C080135170
2026-01-02 15:46:03 | DESCARTADA FECHA: 03
2026-01-02 15:46:03 | LINEA RAW [673]: 03,N,C,N,20251231,161231,N,C080135170
2026-01-02 15:46:03 | DESCARTADA FECHA: 03
2026-01-02 15:46:03 | LINEA RAW [674]: 03,N,C,N,20251231,161231,N,C080135170
2026-01-02 15:46:03 | DESCARTADA FECHA: 03
2026-01-02 15:46:03 | LINEA RAW [675]: 03,N,C,N,20251231,161232,N,C080135170
2026-01-02 15:46:03 | DESCARTADA FECHA: 03
2026-01-02 15:46:03 | LINEA RAW [676]: 03,N,C,N,20251231,161232,N,C080135170
2026-01-02 15:46:03 | DESCARTADA FECHA: 03
2026-01-02 15:46:03 | LINEA RAW [677]: 03,N,C,N,20251231,161238,N,C080166692
2026-01-02 15:46:03 | DESCARTADA FECHA: 03
2026-01-02 15:46:03 | LINEA RAW [678]: 03,N,C,N,20251231,161238,N,C080166692
2026-01-02 15:46:03 | DESCARTADA FECHA: 03
2026-01-02 15:46:03 | LINEA RAW [679]: 03,N,C,N,20251231,161239,N,C080166692
2026-01-02 15:46:03 | DESCARTADA FECHA: 03
2026-01-02 15:46:03 | LINEA RAW [680]: 03,N,C,N,20251231,161251,N,C080165497
2026-01-02 15:46:03 | DESCARTADA FECHA: 03
2026-01-02 15:46:03 | LINEA RAW [681]: 03,N,C,N,20251231,161252,N,C080165497
2026-01-02 15:46:03 | DESCARTADA FECHA: 03
2026-01-02 15:46:03 | LINEA RAW [682]: 03,N,C,N,20251231,161252,N,C080165497
2026-01-02 15:46:03 | DESCARTADA FECHA: 03
2026-01-02 15:46:03 | LINEA RAW [683]: 03,N,C,N,20251231,161253,N,C080165349
2026-01-02 15:46:03 | DESCARTADA FECHA: 03
2026-01-02 15:46:03 | LINEA RAW [684]: 03,N,C,N,20251231,161253,N,C080165349
2026-01-02 15:46:03 | DESCARTADA FECHA: 03
2026-01-02 15:46:03 | LINEA RAW [685]: 03,N,C,N,20251231,161253,N,C080165349
2026-01-02 15:46:03 | DESCARTADA FECHA: 03
2026-01-02 15:46:03 | LINEA RAW [686]: 03,N,C,N,20251231,161254,N,C080165349
2026-01-02 15:46:03 | DESCARTADA FECHA: 03
2026-01-02 15:46:03 | LINEA RAW [687]: 03,N,C,N,20251231,161307,N,C080148494
2026-01-02 15:46:03 | DESCARTADA FECHA: 03
2026-01-02 15:46:03 | LINEA RAW [688]: 03,N,C,N,20251231,161307,N,C080148494
2026-01-02 15:46:03 | DESCARTADA FECHA: 03
2026-01-02 15:46:03 | LINEA RAW [689]: 03,N,C,N,20251231,161307,N,C080148494
2026-01-02 15:46:03 | DESCARTADA FECHA: 03
2026-01-02 15:46:03 | LINEA RAW [690]: 03,N,C,N,20251231,161309,N,C080168723
2026-01-02 15:46:03 | DESCARTADA FECHA: 03
2026-01-02 15:46:03 | LINEA RAW [691]: 03,N,C,N,20251231,161309,N,C080168723
2026-01-02 15:46:03 | DESCARTADA FECHA: 03
2026-01-02 15:46:03 | LINEA RAW [692]: 03,N,C,N,20251231,161309,N,C080168723
2026-01-02 15:46:03 | DESCARTADA FECHA: 03
2026-01-02 15:46:03 | LINEA RAW [693]: 03,N,C,N,20251231,161309,N,C080168723
2026-01-02 15:46:03 | DESCARTADA FECHA: 03
2026-01-02 15:46:03 | LINEA RAW [694]: 03,N,C,N,20251231,161309,N,C080168723
2026-01-02 15:46:03 | DESCARTADA FECHA: 03
2026-01-02 15:46:03 | LINEA RAW [695]: 03,N,C,N,20251231,161309,N,C080168723
2026-01-02 15:46:03 | DESCARTADA FECHA: 03
2026-01-02 15:46:03 | LINEA RAW [696]: 03,N,C,N,20251231,161545,N,C080145755
2026-01-02 15:46:03 | DESCARTADA FECHA: 03
2026-01-02 15:46:03 | LINEA RAW [697]: 03,N,C,N,20251231,161545,N,C080145755
2026-01-02 15:46:03 | DESCARTADA FECHA: 03
2026-01-02 15:46:03 | LINEA RAW [698]: 03,N,C,N,20251231,161626,N,C080167293
2026-01-02 15:46:03 | DESCARTADA FECHA: 03
2026-01-02 15:46:03 | LINEA RAW [699]: 03,N,C,N,20251231,161626,N,C080167293
2026-01-02 15:46:03 | DESCARTADA FECHA: 03
2026-01-02 15:46:03 | LINEA RAW [700]: 03,N,C,N,20251231,162047,N,C080132319
2026-01-02 15:46:03 | DESCARTADA FECHA: 03
2026-01-02 15:46:03 | LINEA RAW [701]: 03,N,C,N,20251231,162048,N,C080132319
2026-01-02 15:46:03 | DESCARTADA FECHA: 03
2026-01-02 15:46:03 | LINEA RAW [702]: 03,N,C,N,20251231,162438,N,C080156251
2026-01-02 15:46:03 | DESCARTADA FECHA: 03
2026-01-02 15:46:03 | LINEA RAW [703]: 03,N,C,N,20251231,162438,N,C080156251
2026-01-02 15:46:03 | DESCARTADA FECHA: 03
2026-01-02 15:46:03 | LINEA RAW [704]: 03,N,C,N,20251231,162438,N,C080156251
2026-01-02 15:46:03 | DESCARTADA FECHA: 03
2026-01-02 15:46:03 | LINEA RAW [705]: 03,N,C,N,20251231,162613,N,C080134140
2026-01-02 15:46:03 | DESCARTADA FECHA: 03
2026-01-02 15:46:03 | LINEA RAW [706]: 03,N,C,N,20251231,162614,N,C080134140
2026-01-02 15:46:03 | DESCARTADA FECHA: 03
2026-01-02 15:46:03 | LINEA RAW [707]: 03,N,C,N,20251231,163749,N,C080169942
2026-01-02 15:46:03 | DESCARTADA FECHA: 03
2026-01-02 15:46:03 | LINEA RAW [708]: 03,N,C,N,20251231,163749,N,C080169942
2026-01-02 15:46:03 | DESCARTADA FECHA: 03
2026-01-02 15:46:03 | LINEA RAW [709]: 03,N,C,N,20251231,163750,N,C080169942
2026-01-02 15:46:03 | DESCARTADA FECHA: 03
2026-01-02 15:46:03 | LINEA RAW [710]: 03,N,C,N,20251231,170247,N,C051415261
2026-01-02 15:46:03 | DESCARTADA FECHA: 03
2026-01-02 15:46:03 | LINEA RAW [711]: 03,N,C,N,20251231,170421,N,C080162347
2026-01-02 15:46:03 | DESCARTADA FECHA: 03
2026-01-02 15:46:03 | LINEA RAW [712]: 03,N,C,N,20251231,170421,N,C080162347
2026-01-02 15:46:03 | DESCARTADA FECHA: 03
2026-01-02 15:46:03 | LINEA RAW [713]: 03,N,C,N,20251231,170422,N,C080162347
2026-01-02 15:46:03 | DESCARTADA FECHA: 03
2026-01-02 15:46:03 | LINEA RAW [714]: 03,N,C,N,20251231,170424,N,C080133519
2026-01-02 15:46:03 | DESCARTADA FECHA: 03
2026-01-02 15:46:03 | LINEA RAW [715]: 03,N,C,N,20251231,170424,N,C080133519
2026-01-02 15:46:03 | DESCARTADA FECHA: 03
2026-01-02 15:46:03 | LINEA RAW [716]: 03,N,C,N,20251231,170424,N,C080133519
2026-01-02 15:46:03 | DESCARTADA FECHA: 03
2026-01-02 15:46:03 | LINEA RAW [717]: 03,N,C,N,20251231,170924,N,C080169232
2026-01-02 15:46:03 | DESCARTADA FECHA: 03
2026-01-02 15:46:03 | LINEA RAW [718]: 03,N,C,N,20251231,170924,N,C080169232
2026-01-02 15:46:03 | DESCARTADA FECHA: 03
2026-01-02 15:46:03 | LINEA RAW [719]: 03,N,C,N,20251231,170925,N,C080169232
2026-01-02 15:46:03 | DESCARTADA FECHA: 03
2026-01-02 15:46:03 | LINEA RAW [720]: 03,N,C,N,20251231,170925,N,C080169232
2026-01-02 15:46:03 | DESCARTADA FECHA: 03
2026-01-02 15:46:03 | LINEA RAW [721]: 03,N,C,N,20251231,170925,N,C080169232
2026-01-02 15:46:03 | DESCARTADA FECHA: 03
2026-01-02 15:46:03 | LINEA RAW [722]: 03,N,C,N,20251231,170926,N,C080169232
2026-01-02 15:46:03 | DESCARTADA FECHA: 03
2026-01-02 15:46:03 | LINEA RAW [723]: 03,N,C,N,20251231,170926,N,C080169232
2026-01-02 15:46:03 | DESCARTADA FECHA: 03
2026-01-02 15:46:03 | LINEA RAW [724]: 03,N,C,N,20251231,171948,N,C080130280
2026-01-02 15:46:03 | DESCARTADA FECHA: 03
2026-01-02 15:46:03 | LINEA RAW [725]: 03,N,C,N,20251231,171948,N,C080130280
2026-01-02 15:46:03 | DESCARTADA FECHA: 03
2026-01-02 15:46:03 | LINEA RAW [726]: 03,N,C,N,20251231,173856,N,C080153671
2026-01-02 15:46:03 | DESCARTADA FECHA: 03
2026-01-02 15:46:03 | LINEA RAW [727]: 03,N,C,N,20251231,173856,N,C080153671
2026-01-02 15:46:03 | DESCARTADA FECHA: 03
2026-01-02 15:46:03 | LINEA RAW [728]: 03,N,C,N,20251231,173858,N,C080153671
2026-01-02 15:46:03 | DESCARTADA FECHA: 03
2026-01-02 15:46:03 | LINEA RAW [729]: 03,N,C,N,20251231,173858,N,C080153671
2026-01-02 15:46:03 | DESCARTADA FECHA: 03
2026-01-02 15:46:03 | LINEA RAW [730]: 03,N,C,N,20251231,174428,N,C080146471
2026-01-02 15:46:03 | DESCARTADA FECHA: 03
2026-01-02 15:46:03 | LINEA RAW [731]: 03,N,C,N,20251231,174428,N,C080146471
2026-01-02 15:46:03 | DESCARTADA FECHA: 03
2026-01-02 15:46:03 | LINEA RAW [732]: 03,N,C,N,20251231,174428,N,C080146471
2026-01-02 15:46:03 | DESCARTADA FECHA: 03
2026-01-02 15:46:03 | LINEA RAW [733]: 03,N,C,N,20251231,174429,N,C080146471
2026-01-02 15:46:03 | DESCARTADA FECHA: 03
2026-01-02 15:46:03 | LINEA RAW [734]: 03,N,C,N,20251231,180213,N,C080129709
2026-01-02 15:46:03 | DESCARTADA FECHA: 03
2026-01-02 15:46:03 | LINEA RAW [735]: 03,N,C,N,20251231,180833,N,C052000017
2026-01-02 15:46:03 | DESCARTADA FECHA: 03
2026-01-02 15:46:03 | LINEA RAW [736]: 03,N,C,N,20251231,180834,N,C052000017
2026-01-02 15:46:03 | DESCARTADA FECHA: 03
2026-01-02 15:46:03 | LINEA RAW [737]: 03,N,C,N,20251231,181232,N,C080133138
2026-01-02 15:46:03 | DESCARTADA FECHA: 03
2026-01-02 15:46:03 | LINEA RAW [738]: 03,N,C,N,20260102,054027,N,C080163459
2026-01-02 15:46:03 | DESCARTADA FECHA: 03
2026-01-02 15:46:03 | LINEA RAW [739]: 03,N,C,N,20260102,054030,N,C080163459
2026-01-02 15:46:03 | DESCARTADA FECHA: 03
2026-01-02 15:46:03 | LINEA RAW [740]: 03,N,C,N,20260102,054050,N,C080162780
2026-01-02 15:46:03 | DESCARTADA FECHA: 03
2026-01-02 15:46:03 | LINEA RAW [741]: 03,N,C,N,20260102,054050,N,C080162780
2026-01-02 15:46:03 | DESCARTADA FECHA: 03
2026-01-02 15:46:03 | LINEA RAW [742]: 03,N,C,N,20260102,054050,N,C080162780
2026-01-02 15:46:03 | DESCARTADA FECHA: 03
2026-01-02 15:46:03 | LINEA RAW [743]: 03,N,C,N,20260102,054053,N,C080162299
2026-01-02 15:46:03 | DESCARTADA FECHA: 03
2026-01-02 15:46:03 | LINEA RAW [744]: 03,N,C,N,20260102,054053,N,C080162299
2026-01-02 15:46:03 | DESCARTADA FECHA: 03
2026-01-02 15:46:03 | LINEA RAW [745]: 03,N,C,N,20260102,054054,N,C080162299
2026-01-02 15:46:03 | DESCARTADA FECHA: 03
2026-01-02 15:46:03 | LINEA RAW [746]: 03,N,C,N,20260102,054058,N,C080168965
2026-01-02 15:46:03 | DESCARTADA FECHA: 03
2026-01-02 15:46:03 | LINEA RAW [747]: 03,N,C,N,20260102,054058,N,C080168965
2026-01-02 15:46:03 | DESCARTADA FECHA: 03
2026-01-02 15:46:03 | LINEA RAW [748]: 03,N,C,N,20260102,054113,N,C052000001
2026-01-02 15:46:03 | DESCARTADA FECHA: 03
2026-01-02 15:46:03 | LINEA RAW [749]: 03,N,C,N,20260102,054114,N,C052000001
2026-01-02 15:46:03 | DESCARTADA FECHA: 03
2026-01-02 15:46:03 | LINEA RAW [750]: 03,N,C,N,20260102,054257,N,C080165951
2026-01-02 15:46:03 | DESCARTADA FECHA: 03
2026-01-02 15:46:03 | LINEA RAW [751]: 03,N,C,N,20260102,054257,N,C080165951
2026-01-02 15:46:03 | DESCARTADA FECHA: 03
2026-01-02 15:46:03 | LINEA RAW [752]: 03,N,C,N,20260102,054258,N,C080165951
2026-01-02 15:46:03 | DESCARTADA FECHA: 03
2026-01-02 15:46:03 | LINEA RAW [753]: 03,N,C,N,20260102,054301,N,C080168952
2026-01-02 15:46:03 | DESCARTADA FECHA: 03
2026-01-02 15:46:03 | LINEA RAW [754]: 03,N,C,N,20260102,054301,N,C080168952
2026-01-02 15:46:03 | DESCARTADA FECHA: 03
2026-01-02 15:46:03 | LINEA RAW [755]: 03,N,C,N,20260102,054301,N,C080168952
2026-01-02 15:46:03 | DESCARTADA FECHA: 03
2026-01-02 15:46:03 | LINEA RAW [756]: 03,N,C,N,20260102,054302,N,C080168952
2026-01-02 15:46:03 | DESCARTADA FECHA: 03
2026-01-02 15:46:03 | LINEA RAW [757]: 03,N,C,N,20260102,054302,N,C080168952
2026-01-02 15:46:03 | DESCARTADA FECHA: 03
2026-01-02 15:46:03 | LINEA RAW [758]: 03,N,C,N,20260102,054302,N,C080168952
2026-01-02 15:46:03 | DESCARTADA FECHA: 03
2026-01-02 15:46:03 | LINEA RAW [759]: 03,N,C,N,20260102,054326,N,C080147967
2026-01-02 15:46:03 | DESCARTADA FECHA: 03
2026-01-02 15:46:03 | LINEA RAW [760]: 03,N,C,N,20260102,054326,N,C080147967
2026-01-02 15:46:03 | DESCARTADA FECHA: 03
2026-01-02 15:46:03 | LINEA RAW [761]: 03,N,C,N,20260102,054326,N,C080147967
2026-01-02 15:46:03 | DESCARTADA FECHA: 03
2026-01-02 15:46:03 | LINEA RAW [762]: 03,N,C,N,20260102,054415,N,C052000007
2026-01-02 15:46:03 | DESCARTADA FECHA: 03
2026-01-02 15:46:03 | LINEA RAW [763]: 03,N,C,N,20260102,054415,N,C052000007
2026-01-02 15:46:03 | DESCARTADA FECHA: 03
2026-01-02 15:46:03 | LINEA RAW [764]: 03,N,C,N,20260102,055728,N,C280062404
2026-01-02 15:46:03 | DESCARTADA FECHA: 03
2026-01-02 15:46:03 | LINEA RAW [765]: 03,N,C,N,20260102,055742,N,C080051413
2026-01-02 15:46:03 | DESCARTADA FECHA: 03
2026-01-02 15:46:03 | LINEA RAW [766]: 03,N,C,N,20260102,060344,N,C080118773
2026-01-02 15:46:03 | DESCARTADA FECHA: 03
2026-01-02 15:46:03 | LINEA RAW [767]: 03,N,C,N,20260102,060344,N,C080118773
2026-01-02 15:46:03 | DESCARTADA FECHA: 03
2026-01-02 15:46:03 | LINEA RAW [768]: 04,N,C,N,20260102,054027,N,C080165520
2026-01-02 15:46:03 | DESCARTADA FECHA: 04
2026-01-02 15:46:03 | LINEA RAW [769]: 04,N,C,N,20260102,054027,N,C080165520
2026-01-02 15:46:03 | DESCARTADA FECHA: 04
2026-01-02 15:46:03 | LINEA RAW [770]: 04,N,C,N,20260102,054027,N,C080165520
2026-01-02 15:46:03 | DESCARTADA FECHA: 04
2026-01-02 15:46:03 | LINEA RAW [771]: 04,N,C,N,20260102,054029,N,C080169322
2026-01-02 15:46:03 | DESCARTADA FECHA: 04
2026-01-02 15:46:03 | LINEA RAW [772]: 04,N,C,N,20260102,054029,N,C080169322
2026-01-02 15:46:03 | DESCARTADA FECHA: 04
2026-01-02 15:46:03 | LINEA RAW [773]: 04,N,C,N,20260102,054029,N,C080169322
2026-01-02 15:46:03 | DESCARTADA FECHA: 04
2026-01-02 15:46:03 | LINEA RAW [774]: 04,N,C,N,20260102,054030,N,C080169322
2026-01-02 15:46:03 | DESCARTADA FECHA: 04
2026-01-02 15:46:03 | LINEA RAW [775]: 04,N,C,N,20260102,054030,N,C080169322
2026-01-02 15:46:03 | DESCARTADA FECHA: 04
2026-01-02 15:46:03 | LINEA RAW [776]: 04,N,C,N,20260102,054050,N,C080168983
2026-01-02 15:46:03 | DESCARTADA FECHA: 04
2026-01-02 15:46:03 | LINEA RAW [777]: 04,N,C,N,20260102,054050,N,C080168983
2026-01-02 15:46:03 | DESCARTADA FECHA: 04
2026-01-02 15:46:03 | LINEA RAW [778]: 04,N,C,N,20260102,054105,N,C080134788
2026-01-02 15:46:03 | DESCARTADA FECHA: 04
2026-01-02 15:46:03 | LINEA RAW [779]: 04,N,C,N,20260102,054105,N,C080134788
2026-01-02 15:46:03 | DESCARTADA FECHA: 04
2026-01-02 15:46:03 | LINEA RAW [780]: 04,N,C,N,20260102,054105,N,C080134788
2026-01-02 15:46:03 | DESCARTADA FECHA: 04
2026-01-02 15:46:03 | LINEA RAW [781]: 04,N,C,N,20260102,054105,N,C080134788
2026-01-02 15:46:03 | DESCARTADA FECHA: 04
2026-01-02 15:46:03 | LINEA RAW [782]: 04,N,C,N,20260102,054152,N,C080134168
2026-01-02 15:46:03 | DESCARTADA FECHA: 04
2026-01-02 15:46:03 | LINEA RAW [783]: 04,N,C,N,20260102,054152,N,C080134168
2026-01-02 15:46:03 | DESCARTADA FECHA: 04
2026-01-02 15:46:03 | LINEA RAW [784]: 04,N,C,N,20260102,054153,N,C080134168
2026-01-02 15:46:03 | DESCARTADA FECHA: 04
2026-01-02 15:46:03 | LINEA RAW [785]: 04,N,C,N,20260102,054231,N,C080169732
2026-01-02 15:46:03 | DESCARTADA FECHA: 04
2026-01-02 15:46:03 | LINEA RAW [786]: 04,N,C,N,20260102,054232,N,C080169732
2026-01-02 15:46:03 | DESCARTADA FECHA: 04
2026-01-02 15:46:03 | LINEA RAW [787]: 04,N,C,N,20260102,054232,N,C080169732
2026-01-02 15:46:03 | DESCARTADA FECHA: 04
2026-01-02 15:46:03 | LINEA RAW [788]: 04,N,C,N,20260102,054232,N,C080169732
2026-01-02 15:46:03 | DESCARTADA FECHA: 04
2026-01-02 15:46:03 | LINEA RAW [789]: 04,N,C,N,20260102,054232,N,C080169732
2026-01-02 15:46:03 | DESCARTADA FECHA: 04
2026-01-02 15:46:03 | LINEA RAW [790]: 04,N,C,N,20260102,054318,N,C080163024
2026-01-02 15:46:03 | DESCARTADA FECHA: 04
2026-01-02 15:46:03 | LINEA RAW [791]: 04,N,C,N,20260102,054318,N,C080163024
2026-01-02 15:46:03 | DESCARTADA FECHA: 04
2026-01-02 15:46:03 | LINEA RAW [792]: 04,N,C,N,20260102,054323,N,C080168995
2026-01-02 15:46:03 | DESCARTADA FECHA: 04
2026-01-02 15:46:03 | LINEA RAW [793]: 04,N,C,N,20260102,054323,N,C080168995
2026-01-02 15:46:03 | DESCARTADA FECHA: 04
2026-01-02 15:46:03 | LINEA RAW [794]: 04,N,C,N,20260102,054323,N,C080168995
2026-01-02 15:46:03 | DESCARTADA FECHA: 04
2026-01-02 15:46:03 | LINEA RAW [795]: 04,N,C,N,20260102,054323,N,C080168995
2026-01-02 15:46:03 | DESCARTADA FECHA: 04
2026-01-02 15:46:03 | LINEA RAW [796]: 04,N,C,N,20260102,054324,N,C080168995
2026-01-02 15:46:03 | DESCARTADA FECHA: 04
2026-01-02 15:46:03 | LINEA RAW [797]: 04,N,C,N,20260102,054324,N,C080168995
2026-01-02 15:46:03 | DESCARTADA FECHA: 04
2026-01-02 15:46:03 | LINEA RAW [798]: 04,N,C,N,20260102,054342,N,C080146776
2026-01-02 15:46:03 | DESCARTADA FECHA: 04
2026-01-02 15:46:03 | LINEA RAW [799]: 04,N,C,N,20260102,054343,N,C080146776
2026-01-02 15:46:03 | DESCARTADA FECHA: 04
2026-01-02 15:46:03 | LINEA RAW [800]: 04,N,C,N,20260102,054345,N,C080169705
2026-01-02 15:46:03 | DESCARTADA FECHA: 04
2026-01-02 15:46:03 | LINEA RAW [801]: 04,N,C,N,20260102,054345,N,C080169705
2026-01-02 15:46:03 | DESCARTADA FECHA: 04
2026-01-02 15:46:03 | LINEA RAW [802]: 04,N,C,N,20260102,054346,N,C080169705
2026-01-02 15:46:03 | DESCARTADA FECHA: 04
2026-01-02 15:46:03 | LINEA RAW [803]: 04,N,C,N,20260102,054358,N,C080138439
2026-01-02 15:46:03 | DESCARTADA FECHA: 04
2026-01-02 15:46:03 | LINEA RAW [804]: 04,N,C,N,20260102,054358,N,C080138439
2026-01-02 15:46:03 | DESCARTADA FECHA: 04
2026-01-02 15:46:03 | LINEA RAW [805]: 04,N,C,N,20260102,054404,N,C080163468
2026-01-02 15:46:03 | DESCARTADA FECHA: 04
2026-01-02 15:46:03 | LINEA RAW [806]: 04,N,C,N,20260102,054405,N,C080163468
2026-01-02 15:46:03 | DESCARTADA FECHA: 04
2026-01-02 15:46:03 | LINEA RAW [807]: 04,N,C,N,20260102,054405,N,C080163468
2026-01-02 15:46:03 | DESCARTADA FECHA: 04
2026-01-02 15:46:03 | LINEA RAW [808]: 04,N,C,N,20260102,054425,N,C080129923
2026-01-02 15:46:03 | DESCARTADA FECHA: 04
2026-01-02 15:46:03 | LINEA RAW [809]: 04,N,C,N,20260102,054425,N,C080129923
2026-01-02 15:46:03 | DESCARTADA FECHA: 04
2026-01-02 15:46:03 | LINEA RAW [810]: 04,N,C,N,20260102,054817,N,C052000073
2026-01-02 15:46:03 | DESCARTADA FECHA: 04
2026-01-02 15:46:03 | LINEA RAW [811]: 04,N,C,N,20260102,054817,N,C052000073
2026-01-02 15:46:03 | DESCARTADA FECHA: 04
2026-01-02 15:46:03 | LINEA RAW [812]: 04,N,C,N,20260102,054818,N,C052000073
2026-01-02 15:46:03 | DESCARTADA FECHA: 04
2026-01-02 15:46:03 | LINEA RAW [813]: 04,N,C,N,20260102,054933,N,C080163030
2026-01-02 15:46:03 | DESCARTADA FECHA: 04
2026-01-02 15:46:03 | LINEA RAW [814]: 04,N,C,N,20260102,054934,N,C080163030
2026-01-02 15:46:03 | DESCARTADA FECHA: 04
2026-01-02 15:46:03 | LINEA RAW [815]: 04,N,C,N,20260102,055001,N,C080146012
2026-01-02 15:46:03 | DESCARTADA FECHA: 04
2026-01-02 15:46:03 | LINEA RAW [816]: 04,N,C,N,20260102,055001,N,C080146012
2026-01-02 15:46:03 | DESCARTADA FECHA: 04
2026-01-02 15:46:03 | LINEA RAW [817]: 04,N,C,N,20260102,055001,N,C080146012
2026-01-02 15:46:03 | DESCARTADA FECHA: 04
2026-01-02 15:46:03 | LINEA RAW [818]: 04,N,C,N,20260102,055013,N,C080163374
2026-01-02 15:46:03 | DESCARTADA FECHA: 04
2026-01-02 15:46:03 | LINEA RAW [819]: 04,N,C,N,20260102,055013,N,C080163374
2026-01-02 15:46:03 | DESCARTADA FECHA: 04
